7. 09.01.2023 14:12:41 /var/www/html/testcenter/data/ws_6/Resource openat yes /usr/sbin/apache2 unset 14548
8. 09.01.2023 14:12:41 /var/www/html/testcenter/data/ws_6/Resource/---.html openat yes /usr/sbin/apache2 unset 14549
9. 09.01.2023 14:12:41 /var/www/html/testcenter/data/ws_6/Resource/---.html openat yes /usr/sbin/apache2 unset 14550
10. 09.01.2023 14:12:41 /var/www/html/testcenter/data/ws_6/Resource/IQB-PLAYER-SPEEDTEST@1.0.2.html openat yes /usr/sbin/apache2 unset 14551
11. 09.01.2023 14:12:41 /var/www/html/testcenter/data/ws_6/Resource/IQB-PLAYER-SPEEDTEST@1.0.2.html openat yes /usr/sbin/apache2 unset 14552
12. 09.01.2023 14:12:41 /var/www/html/testcenter/data/ws_6/Resource/REMOTESTUFF.HTML openat yes /usr/sbin/apache2 unset 14553
13. 09.01.2023 14:12:41 /var/www/html/testcenter/data/ws_6/Resource/REMOTESTUFF.HTML openat yes /usr/sbin/apache2 unset 14554
14. 09.01.2023 14:12:41 /var/www/html/testcenter/data/ws_6/Resource/iqb-player-aspect@1.25.0.html openat yes /usr/sbin/apache2 unset 14555
15. 09.01.2023 14:12:41 /var/www/html/testcenter/data/ws_6/Resource/iqb-player-aspect@1.25.0.html openat yes /usr/sbin/apache2 unset 14556
16. 09.01.2023 14:12:41 /var/www/html/testcenter/data/ws_6/Resource/spassti-player.html openat yes /usr/sbin/apache2 unset 14557
17. 09.01.2023 14:12:41 /var/www/html/testcenter/data/ws_6/Resource/spassti-player.html openat yes /usr/sbin/apache2 unset 14558
18. 09.01.2023 14:12:41 /var/www/html/testcenter/data/ws_6/Resource/verona-editor-aspect-1.34.0.html openat yes /usr/sbin/apache2 unset 14559
19. 09.01.2023 14:12:41 /var/www/html/testcenter/data/ws_6/Resource/verona-editor-aspect-1.34.0.html openat yes /usr/sbin/apache2 unset 14560
22. 09.01.2023 14:12:41 /var/www/html/testcenter/data/ws_6/Resource/verona-player-absurd-1.0.0.html openat yes /usr/sbin/apache2 unset 14563
23. 09.01.2023 14:12:41 /var/www/html/testcenter/data/ws_6/Resource/verona-player-absurd-1.0.0.html openat yes /usr/sbin/apache2 unset 14564
24. 09.01.2023 14:12:41 /var/www/html/testcenter/data/ws_6/Resource/verona-player-aspect-1.10.0.html openat yes /usr/sbin/apache2 unset 14565
25. 09.01.2023 14:12:41 /var/www/html/testcenter/data/ws_6/Resource/verona-player-aspect-1.10.0.html openat yes /usr/sbin/apache2 unset 14566
27. 09.01.2023 14:12:41 /var/www/html/testcenter/data/ws_6/Resource/verona-player-aspect-1.11.0.html openat yes /usr/sbin/apache2 unset 14568
28. 09.01.2023 14:12:41 /var/www/html/testcenter/data/ws_6/Resource/verona-player-aspect-1.11.0.html openat yes /usr/sbin/apache2 unset 14569
29. 09.01.2023 14:12:41 /var/www/html/testcenter/data/ws_6/Resource/verona-player-aspect-1.22.1.html openat yes /usr/sbin/apache2 unset 14570
30. 09.01.2023 14:12:41 /var/www/html/testcenter/data/ws_6/Resource/verona-player-aspect-1.22.1.html openat yes /usr/sbin/apache2 unset 14571
31. 09.01.2023 14:12:41 /var/www/html/testcenter/data/ws_6/Resource/verona-player-aspect-1.22.99999.html openat yes /usr/sbin/apache2 unset 14572
32. 09.01.2023 14:12:41 /var/www/html/testcenter/data/ws_6/Resource/verona-player-aspect-1.22.99999.html openat yes /usr/sbin/apache2 unset 14573
33. 09.01.2023 14:12:41 /var/www/html/testcenter/data/ws_6/Resource/verona-player-aspect-1.5.0.html openat yes /usr/sbin/apache2 unset 14574
34. 09.01.2023 14:12:41 /var/www/html/testcenter/data/ws_6/Resource/verona-player-aspect-1.5.0.html openat yes /usr/sbin/apache2 unset 14575
35. 09.01.2023 14:12:41 /var/www/html/testcenter/data/ws_6/Resource/verona-player-aspect-1.6.0.html openat yes /usr/sbin/apache2 unset 14576
36. 09.01.2023 14:12:41 /var/www/html/testcenter/data/ws_6/Resource/verona-player-aspect-1.6.0.html openat yes /usr/sbin/apache2 unset 14577
37. 09.01.2023 14:12:41 /var/www/html/testcenter/data/ws_6/Resource/verona-player-aspect-1.8.0.html openat yes /usr/sbin/apache2 unset 14578
38. 09.01.2023 14:12:41 /var/www/html/testcenter/data/ws_6/Resource/verona-player-aspect-1.8.0.html openat yes /usr/sbin/apache2 unset 14579
39. 09.01.2023 14:12:41 /var/www/html/testcenter/data/ws_6/Resource/verona-player-aspect-1.9.0.html openat yes /usr/sbin/apache2 unset 14580
40. 09.01.2023 14:12:41 /var/www/html/testcenter/data/ws_6/Resource/verona-player-aspect-1.9.0.html openat yes /usr/sbin/apache2 unset 14581
41. 09.01.2023 14:12:41 /var/www/html/testcenter/data/ws_6/Resource/verona-player-simple-4.0.0.html openat yes /usr/sbin/apache2 unset 14582
42. 09.01.2023 14:12:41 /var/www/html/testcenter/data/ws_6/Resource/verona-player-simple-4.0.0.html openat yes /usr/sbin/apache2 unset 14583
43. 09.01.2023 14:12:41 /var/www/html/testcenter/data/ws_6/Resource/verona-simple-player-2.1.0.html openat yes /usr/sbin/apache2 unset 14584
44. 09.01.2023 14:12:41 /var/www/html/testcenter/data/ws_6/Resource/verona-simple-player-2.1.0.html openat yes /usr/sbin/apache2 unset 14585
45. 09.01.2023 14:12:41 /var/www/html/testcenter/data/ws_6/Resource/verona-simple-player-2.5.0.html openat yes /usr/sbin/apache2 unset 14586
46. 09.01.2023 14:12:41 /var/www/html/testcenter/data/ws_6/Resource/verona-simple-player-2.5.0.html openat yes /usr/sbin/apache2 unset 14587
47. 09.01.2023 14:12:41 /var/www/html/testcenter/data/ws_6/Resource/verona-simple-player-3.html openat yes /usr/sbin/apache2 unset 14588
48. 09.01.2023 14:12:41 /var/www/html/testcenter/data/ws_6/Unit openat yes /usr/sbin/apache2 unset 14589
49. 09.01.2023 14:12:41 /var/www/html/testcenter/data/ws_6/Unit/Aufgabe1kurz.xml openat yes /usr/sbin/apache2 unset 14590
50. 09.01.2023 14:12:41 /var/www/html/testcenter/data/ws_6/Unit/Aufgabe1kurz.xml openat yes /usr/sbin/apache2 unset 14591
51. 09.01.2023 14:12:41 /var/www/html/testcenter/data/ws_6/Unit/HUGE.xml openat yes /usr/sbin/apache2 unset 14592
52. 09.01.2023 14:12:41 /var/www/html/testcenter/data/ws_6/Unit/HUGE.xml openat yes /usr/sbin/apache2 unset 14593
53. 09.01.2023 14:12:41 /var/www/html/testcenter/data/ws_6/Unit/HUGE2.xml openat yes /usr/sbin/apache2 unset 14594
54. 09.01.2023 14:12:41 /var/www/html/testcenter/data/ws_6/Unit/HUGE2.xml openat yes /usr/sbin/apache2 unset 14595
55. 09.01.2023 14:12:41 /var/www/html/testcenter/data/ws_6/Unit/L5ZV22141_001.xml openat yes /usr/sbin/apache2 unset 14596
56. 09.01.2023 14:12:41 /var/www/html/testcenter/data/ws_6/Unit/L5ZV22141_001.xml openat yes /usr/sbin/apache2 unset 14597
57. 09.01.2023 14:12:41 /var/www/html/testcenter/data/ws_6/Unit/MT_D404.xml openat yes /usr/sbin/apache2 unset 14598
58. 09.01.2023 14:12:41 /var/www/html/testcenter/data/ws_6/Unit/MT_D404.xml openat yes /usr/sbin/apache2 unset 14599
59. 09.01.2023 14:12:41 /var/www/html/testcenter/data/ws_6/Unit/SMPU.xml openat yes /usr/sbin/apache2 unset 14600
60. 09.01.2023 14:12:41 /var/www/html/testcenter/data/ws_6/Unit/SMPU.xml openat yes /usr/sbin/apache2 unset 14601
61. 09.01.2023 14:12:41 /var/www/html/testcenter/data/ws_6/Unit/Unit.xml openat yes /usr/sbin/apache2 unset 14602
62. 09.01.2023 14:12:41 /var/www/html/testcenter/data/ws_6/Unit/Unit.xml openat yes /usr/sbin/apache2 unset 14603
63. 09.01.2023 14:12:41 /var/www/html/testcenter/data/ws_6/Unit/Unit2.xml openat yes /usr/sbin/apache2 unset 14604
64. 09.01.2023 14:12:41 /var/www/html/testcenter/data/ws_6/Unit/Unit2.xml openat yes /usr/sbin/apache2 unset 14605
65. 09.01.2023 14:12:41 /var/www/html/testcenter/data/ws_6/Unit/UnitFOR4.xml openat yes /usr/sbin/apache2 unset 14606
66. 09.01.2023 14:12:41 /var/www/html/testcenter/data/ws_6/Unit/UnitFOR4.xml openat yes /usr/sbin/apache2 unset 14607
67. 09.01.2023 14:12:41 /var/www/html/testcenter/data/ws_6/Unit/absurd.xml openat yes /usr/sbin/apache2 unset 14608
68. 09.01.2023 14:12:41 /var/www/html/testcenter/data/ws_6/Unit/absurd.xml openat yes /usr/sbin/apache2 unset 14609
69. 09.01.2023 14:12:41 /var/www/html/testcenter/data/ws_6/Unit/apsect_unit.xml openat yes /usr/sbin/apache2 unset 14610
70. 09.01.2023 14:12:41 /var/www/html/testcenter/data/ws_6/Unit/apsect_unit.xml openat yes /usr/sbin/apache2 unset 14611
71. 09.01.2023 14:12:41 /var/www/html/testcenter/data/ws_6/Unit/huge.xml openat yes /usr/sbin/apache2 unset 14612
72. 09.01.2023 14:12:41 /var/www/html/testcenter/data/ws_6/Unit/huge.xml openat yes /usr/sbin/apache2 unset 14613
73. 09.01.2023 14:12:41 /var/www/html/testcenter/data/ws_6/Unit/middle.xml openat yes /usr/sbin/apache2 unset 14614
74. 09.01.2023 14:12:41 /var/www/html/testcenter/data/ws_6/Unit/middle.xml openat yes /usr/sbin/apache2 unset 14615
75. 09.01.2023 14:12:41 /var/www/html/testcenter/data/ws_6/Unit/small.xml openat yes /usr/sbin/apache2 unset 14616
76. 09.01.2023 14:12:41 /var/www/html/testcenter/data/ws_6/Unit/small.xml openat yes /usr/sbin/apache2 unset 14617
77. 09.01.2023 14:12:41 /var/www/html/testcenter/data/ws_6/Booklet openat yes /usr/sbin/apache2 unset 14618
78. 09.01.2023 14:12:41 /var/www/html/testcenter/data/ws_6/Booklet/Booklet.xml openat yes /usr/sbin/apache2 unset 14619
79. 09.01.2023 14:12:41 /var/www/html/testcenter/data/ws_6/Booklet/Booklet.xml openat yes /usr/sbin/apache2 unset 14620
80. 09.01.2023 14:12:41 /var/www/html/testcenter/data/ws_6/Booklet/Booklet2.xml openat yes /usr/sbin/apache2 unset 14621
81. 09.01.2023 14:12:41 /var/www/html/testcenter/data/ws_6/Booklet/Booklet2.xml openat yes /usr/sbin/apache2 unset 14622
82. 09.01.2023 14:12:41 /var/www/html/testcenter/data/ws_6/Booklet/Booklet3.xml openat yes /usr/sbin/apache2 unset 14623
83. 09.01.2023 14:12:41 /var/www/html/testcenter/data/ws_6/Booklet/Booklet3.xml openat yes /usr/sbin/apache2 unset 14624
84. 09.01.2023 14:12:41 /var/www/html/testcenter/data/ws_6/Booklet/Booklet4.xml openat yes /usr/sbin/apache2 unset 14625
85. 09.01.2023 14:12:41 /var/www/html/testcenter/data/ws_6/Booklet/Booklet4.xml openat yes /usr/sbin/apache2 unset 14626
86. 09.01.2023 14:12:41 /var/www/html/testcenter/data/ws_6/Booklet/Minimal.xml openat yes /usr/sbin/apache2 unset 14627
87. 09.01.2023 14:12:41 /var/www/html/testcenter/data/ws_6/Booklet/Minimal.xml openat yes /usr/sbin/apache2 unset 14628
88. 09.01.2023 14:12:41 /var/www/html/testcenter/data/ws_6/Booklet/joachim.xml openat yes /usr/sbin/apache2 unset 14629
89. 09.01.2023 14:12:41 /var/www/html/testcenter/data/ws_6/Booklet/joachim.xml openat yes /usr/sbin/apache2 unset 14630
90. 09.01.2023 14:12:41 /var/www/html/testcenter/data/ws_6/Booklet/timed.xml openat yes /usr/sbin/apache2 unset 14631
91. 09.01.2023 14:12:41 /var/www/html/testcenter/data/ws_6/Booklet/timed.xml openat yes /usr/sbin/apache2 unset 14632
92. 09.01.2023 14:12:41 /var/www/html/testcenter/data/ws_6/Testtakers openat yes /usr/sbin/apache2 unset 14633
93. 09.01.2023 14:12:41 /var/www/html/testcenter/data/ws_6/Testtakers/Testtakers.xml openat yes /usr/sbin/apache2 unset 14634
94. 09.01.2023 14:12:41 /var/www/html/testcenter/data/ws_6/Testtakers/Testtakers.xml openat yes /usr/sbin/apache2 unset 14635
95. 09.01.2023 14:12:41 /var/www/html/testcenter/data/ws_6/SysCheck openat yes /usr/sbin/apache2 unset 14636
96. 09.01.2023 14:12:41 /var/www/html/testcenter/data/ws_6/SysCheck/SysCheck.xml openat yes /usr/sbin/apache2 unset 14637
97. 09.01.2023 14:12:41 /var/www/html/testcenter/data/ws_6/SysCheck/SysCheck.xml openat yes /usr/sbin/apache2 unset 14638
