25. 11.01.2023 16:52:56 /var/www/html/testcenter/data/ws_6/Resource openat yes /usr/sbin/apache2 unset 118809
26. 11.01.2023 16:52:56 /var/www/html/testcenter/data/ws_6/Resource/---.html openat yes /usr/sbin/apache2 unset 118810
27. 11.01.2023 16:52:56 /var/www/html/testcenter/data/ws_6/Resource/---.html openat yes /usr/sbin/apache2 unset 118811
28. 11.01.2023 16:52:56 /var/www/html/testcenter/data/ws_6/Resource/IQB-PLAYER-SPEEDTEST@1.0.2.html openat yes /usr/sbin/apache2 unset 118812
29. 11.01.2023 16:52:56 /var/www/html/testcenter/data/ws_6/Resource/IQB-PLAYER-SPEEDTEST@1.0.2.html openat yes /usr/sbin/apache2 unset 118813
30. 11.01.2023 16:52:56 /var/www/html/testcenter/data/ws_6/Resource/REMOTESTUFF.HTML openat yes /usr/sbin/apache2 unset 118814
31. 11.01.2023 16:52:56 /var/www/html/testcenter/data/ws_6/Resource/REMOTESTUFF.HTML openat yes /usr/sbin/apache2 unset 118815
32. 11.01.2023 16:52:56 /var/www/html/testcenter/data/ws_6/Resource/iqb-player-aspect@1.25.0.html openat yes /usr/sbin/apache2 unset 118816
33. 11.01.2023 16:52:56 /var/www/html/testcenter/data/ws_6/Resource/iqb-player-aspect@1.25.0.html openat yes /usr/sbin/apache2 unset 118817
34. 11.01.2023 16:52:56 /var/www/html/testcenter/data/ws_6/Resource/spassti-player.html openat yes /usr/sbin/apache2 unset 118818
35. 11.01.2023 16:52:56 /var/www/html/testcenter/data/ws_6/Resource/spassti-player.html openat yes /usr/sbin/apache2 unset 118819
36. 11.01.2023 16:52:56 /var/www/html/testcenter/data/ws_6/Resource/verona-editor-aspect-1.34.0.html openat yes /usr/sbin/apache2 unset 118820
37. 11.01.2023 16:52:56 /var/www/html/testcenter/data/ws_6/Resource/verona-editor-aspect-1.34.0.html openat yes /usr/sbin/apache2 unset 118821
38. 11.01.2023 16:52:56 /var/www/html/testcenter/data/ws_6/Resource/verona-player-absurd-1.0.0.html openat yes /usr/sbin/apache2 unset 118822
39. 11.01.2023 16:52:56 /var/www/html/testcenter/data/ws_6/Resource/verona-player-absurd-1.0.0.html openat yes /usr/sbin/apache2 unset 118823
40. 11.01.2023 16:52:56 /var/www/html/testcenter/data/ws_6/Resource/verona-player-aspect-1.10.0.html openat yes /usr/sbin/apache2 unset 118824
41. 11.01.2023 16:52:56 /var/www/html/testcenter/data/ws_6/Resource/verona-player-aspect-1.10.0.html openat yes /usr/sbin/apache2 unset 118825
42. 11.01.2023 16:52:56 /var/www/html/testcenter/data/ws_6/Resource/verona-player-aspect-1.11.0.html openat yes /usr/sbin/apache2 unset 118826
43. 11.01.2023 16:52:56 /var/www/html/testcenter/data/ws_6/Resource/verona-player-aspect-1.11.0.html openat yes /usr/sbin/apache2 unset 118827
44. 11.01.2023 16:52:56 /var/www/html/testcenter/data/ws_6/Resource/verona-player-aspect-1.22.1.html openat yes /usr/sbin/apache2 unset 118828
45. 11.01.2023 16:52:56 /var/www/html/testcenter/data/ws_6/Resource/verona-player-aspect-1.22.1.html openat yes /usr/sbin/apache2 unset 118829
46. 11.01.2023 16:52:56 /var/www/html/testcenter/data/ws_6/Resource/verona-player-aspect-1.22.99999.html openat yes /usr/sbin/apache2 unset 118830
47. 11.01.2023 16:52:56 /var/www/html/testcenter/data/ws_6/Resource/verona-player-aspect-1.22.99999.html openat yes /usr/sbin/apache2 unset 118831
48. 11.01.2023 16:52:56 /var/www/html/testcenter/data/ws_6/Resource/verona-player-aspect-1.5.0.html openat yes /usr/sbin/apache2 unset 118832
49. 11.01.2023 16:52:56 /var/www/html/testcenter/data/ws_6/Resource/verona-player-aspect-1.5.0.html openat yes /usr/sbin/apache2 unset 118833
50. 11.01.2023 16:52:56 /var/www/html/testcenter/data/ws_6/Resource/verona-player-aspect-1.6.0.html openat yes /usr/sbin/apache2 unset 118834
51. 11.01.2023 16:52:56 /var/www/html/testcenter/data/ws_6/Resource/verona-player-aspect-1.6.0.html openat yes /usr/sbin/apache2 unset 118835
52. 11.01.2023 16:52:56 /var/www/html/testcenter/data/ws_6/Resource/verona-player-aspect-1.8.0.html openat yes /usr/sbin/apache2 unset 118836
53. 11.01.2023 16:52:56 /var/www/html/testcenter/data/ws_6/Resource/verona-player-aspect-1.8.0.html openat yes /usr/sbin/apache2 unset 118837
56. 11.01.2023 16:52:56 /var/www/html/testcenter/data/ws_6/Resource/verona-player-aspect-1.9.0.html openat yes /usr/sbin/apache2 unset 118840
57. 11.01.2023 16:52:56 /var/www/html/testcenter/data/ws_6/Resource/verona-player-aspect-1.9.0.html openat yes /usr/sbin/apache2 unset 118841
58. 11.01.2023 16:52:56 /var/www/html/testcenter/data/ws_6/Resource/verona-player-simple-4.0.0.html openat yes /usr/sbin/apache2 unset 118842
59. 11.01.2023 16:52:56 /var/www/html/testcenter/data/ws_6/Resource/verona-player-simple-4.0.0.html openat yes /usr/sbin/apache2 unset 118843
60. 11.01.2023 16:52:56 /var/www/html/testcenter/data/ws_6/Resource/verona-simple-player-2.1.0.html openat yes /usr/sbin/apache2 unset 118844
61. 11.01.2023 16:52:56 /var/www/html/testcenter/data/ws_6/Resource/verona-simple-player-2.1.0.html openat yes /usr/sbin/apache2 unset 118845
62. 11.01.2023 16:52:56 /var/www/html/testcenter/data/ws_6/Resource/verona-simple-player-2.5.0.html openat yes /usr/sbin/apache2 unset 118846
63. 11.01.2023 16:52:56 /var/www/html/testcenter/data/ws_6/Resource/verona-simple-player-2.5.0.html openat yes /usr/sbin/apache2 unset 118847
64. 11.01.2023 16:52:56 /var/www/html/testcenter/data/ws_6/Resource/verona-simple-player-3.html openat yes /usr/sbin/apache2 unset 118848
65. 11.01.2023 16:52:56 /var/www/html/testcenter/data/ws_6/Unit openat yes /usr/sbin/apache2 unset 118849
67. 11.01.2023 16:52:56 /var/www/html/testcenter/data/ws_6/Unit/Aufgabe1kurz.xml openat yes /usr/sbin/apache2 unset 118851
68. 11.01.2023 16:52:56 /var/www/html/testcenter/data/ws_6/Unit/Aufgabe1kurz.xml openat yes /usr/sbin/apache2 unset 118852
69. 11.01.2023 16:52:56 /var/www/html/testcenter/data/ws_6/Unit/HUGE.xml openat yes /usr/sbin/apache2 unset 118853
70. 11.01.2023 16:52:56 /var/www/html/testcenter/data/ws_6/Unit/HUGE.xml openat yes /usr/sbin/apache2 unset 118854
71. 11.01.2023 16:52:56 /var/www/html/testcenter/data/ws_6/Unit/HUGE2.xml openat yes /usr/sbin/apache2 unset 118855
72. 11.01.2023 16:52:56 /var/www/html/testcenter/data/ws_6/Unit/HUGE2.xml openat yes /usr/sbin/apache2 unset 118856
73. 11.01.2023 16:52:56 /var/www/html/testcenter/data/ws_6/Unit/L5ZV22141_001.xml openat yes /usr/sbin/apache2 unset 118857
74. 11.01.2023 16:52:56 /var/www/html/testcenter/data/ws_6/Unit/L5ZV22141_001.xml openat yes /usr/sbin/apache2 unset 118858
75. 11.01.2023 16:52:56 /var/www/html/testcenter/data/ws_6/Unit/MT_D404.xml openat yes /usr/sbin/apache2 unset 118859
76. 11.01.2023 16:52:56 /var/www/html/testcenter/data/ws_6/Unit/MT_D404.xml openat yes /usr/sbin/apache2 unset 118860
77. 11.01.2023 16:52:56 /var/www/html/testcenter/data/ws_6/Unit/SMPU.xml openat yes /usr/sbin/apache2 unset 118861
78. 11.01.2023 16:52:56 /var/www/html/testcenter/data/ws_6/Unit/SMPU.xml openat yes /usr/sbin/apache2 unset 118862
79. 11.01.2023 16:52:56 /var/www/html/testcenter/data/ws_6/Unit/Unit.xml openat yes /usr/sbin/apache2 unset 118863
80. 11.01.2023 16:52:56 /var/www/html/testcenter/data/ws_6/Unit/Unit.xml openat yes /usr/sbin/apache2 unset 118864
81. 11.01.2023 16:52:56 /var/www/html/testcenter/data/ws_6/Unit/Unit2.xml openat yes /usr/sbin/apache2 unset 118865
82. 11.01.2023 16:52:56 /var/www/html/testcenter/data/ws_6/Unit/Unit2.xml openat yes /usr/sbin/apache2 unset 118866
83. 11.01.2023 16:52:56 /var/www/html/testcenter/data/ws_6/Unit/UnitFOR4.xml openat yes /usr/sbin/apache2 unset 118867
84. 11.01.2023 16:52:56 /var/www/html/testcenter/data/ws_6/Unit/UnitFOR4.xml openat yes /usr/sbin/apache2 unset 118868
85. 11.01.2023 16:52:56 /var/www/html/testcenter/data/ws_6/Unit/absurd.xml openat yes /usr/sbin/apache2 unset 118869
86. 11.01.2023 16:52:56 /var/www/html/testcenter/data/ws_6/Unit/absurd.xml openat yes /usr/sbin/apache2 unset 118870
87. 11.01.2023 16:52:56 /var/www/html/testcenter/data/ws_6/Unit/apsect_unit.xml openat yes /usr/sbin/apache2 unset 118871
88. 11.01.2023 16:52:56 /var/www/html/testcenter/data/ws_6/Unit/apsect_unit.xml openat yes /usr/sbin/apache2 unset 118872
89. 11.01.2023 16:52:56 /var/www/html/testcenter/data/ws_6/Unit/huge.xml openat yes /usr/sbin/apache2 unset 118873
90. 11.01.2023 16:52:56 /var/www/html/testcenter/data/ws_6/Unit/huge.xml openat yes /usr/sbin/apache2 unset 118874
91. 11.01.2023 16:52:56 /var/www/html/testcenter/data/ws_6/Unit/middle.xml openat yes /usr/sbin/apache2 unset 118875
92. 11.01.2023 16:52:56 /var/www/html/testcenter/data/ws_6/Unit/middle.xml openat yes /usr/sbin/apache2 unset 118876
93. 11.01.2023 16:52:56 /var/www/html/testcenter/data/ws_6/Unit/small.xml openat yes /usr/sbin/apache2 unset 118877
94. 11.01.2023 16:52:56 /var/www/html/testcenter/data/ws_6/Unit/small.xml openat yes /usr/sbin/apache2 unset 118878
95. 11.01.2023 16:52:56 /var/www/html/testcenter/data/ws_6/Unit/some.xml openat yes /usr/sbin/apache2 unset 118879
96. 11.01.2023 16:52:56 /var/www/html/testcenter/data/ws_6/Unit/some.xml openat yes /usr/sbin/apache2 unset 118880
97. 11.01.2023 16:52:56 /var/www/html/testcenter/data/ws_6/Booklet openat yes /usr/sbin/apache2 unset 118881
98. 11.01.2023 16:52:56 /var/www/html/testcenter/data/ws_6/Booklet/Booklet.xml openat yes /usr/sbin/apache2 unset 118882
99. 11.01.2023 16:52:56 /var/www/html/testcenter/data/ws_6/Booklet/Booklet.xml openat yes /usr/sbin/apache2 unset 118883
100. 11.01.2023 16:52:56 /var/www/html/testcenter/data/ws_6/Booklet/Booklet2.xml openat yes /usr/sbin/apache2 unset 118884
101. 11.01.2023 16:52:56 /var/www/html/testcenter/data/ws_6/Booklet/Booklet2.xml openat yes /usr/sbin/apache2 unset 118885
102. 11.01.2023 16:52:56 /var/www/html/testcenter/data/ws_6/Booklet/Booklet3.xml openat yes /usr/sbin/apache2 unset 118886
103. 11.01.2023 16:52:56 /var/www/html/testcenter/data/ws_6/Booklet/Booklet3.xml openat yes /usr/sbin/apache2 unset 118887
104. 11.01.2023 16:52:56 /var/www/html/testcenter/data/ws_6/Booklet/Booklet4.xml openat yes /usr/sbin/apache2 unset 118888
105. 11.01.2023 16:52:56 /var/www/html/testcenter/data/ws_6/Booklet/Booklet4.xml openat yes /usr/sbin/apache2 unset 118889
106. 11.01.2023 16:52:56 /var/www/html/testcenter/data/ws_6/Booklet/Minimal.xml openat yes /usr/sbin/apache2 unset 118890
107. 11.01.2023 16:52:56 /var/www/html/testcenter/data/ws_6/Booklet/Minimal.xml openat yes /usr/sbin/apache2 unset 118891
108. 11.01.2023 16:52:56 /var/www/html/testcenter/data/ws_6/Booklet/joachim.xml openat yes /usr/sbin/apache2 unset 118892
109. 11.01.2023 16:52:56 /var/www/html/testcenter/data/ws_6/Booklet/joachim.xml openat yes /usr/sbin/apache2 unset 118893
110. 11.01.2023 16:52:56 /var/www/html/testcenter/data/ws_6/Booklet/timed.xml openat yes /usr/sbin/apache2 unset 118894
111. 11.01.2023 16:52:56 /var/www/html/testcenter/data/ws_6/Booklet/timed.xml openat yes /usr/sbin/apache2 unset 118895
112. 11.01.2023 16:52:56 /var/www/html/testcenter/data/ws_6/Testtakers openat yes /usr/sbin/apache2 unset 118896
113. 11.01.2023 16:52:56 /var/www/html/testcenter/data/ws_6/Testtakers/Testtakers.xml openat yes /usr/sbin/apache2 unset 118897
114. 11.01.2023 16:52:56 /var/www/html/testcenter/data/ws_6/Testtakers/Testtakers.xml openat yes /usr/sbin/apache2 unset 118898
115. 11.01.2023 16:52:56 /var/www/html/testcenter/data/ws_6/SysCheck openat yes /usr/sbin/apache2 unset 118899
116. 11.01.2023 16:52:56 /var/www/html/testcenter/data/ws_6/SysCheck/SysCheck.xml openat yes /usr/sbin/apache2 unset 118900
117. 11.01.2023 16:52:56 /var/www/html/testcenter/data/ws_6/SysCheck/SysCheck.xml openat yes /usr/sbin/apache2 unset 118901
