10. 11.01.2023 12:46:40 /var/www/html/testcenter/data/ws_22/Resource openat yes /usr/sbin/apache2 unset 59934
11. 11.01.2023 12:46:40 /var/www/html/testcenter/data/ws_22/Resource/IQB-PLAYER-SPEEDTEST@1.0.2.html openat yes /usr/sbin/apache2 unset 59935
12. 11.01.2023 12:46:40 /var/www/html/testcenter/data/ws_22/Resource/IQB-PLAYER-SPEEDTEST@1.0.2.html openat yes /usr/sbin/apache2 unset 59936
13. 11.01.2023 12:46:40 /var/www/html/testcenter/data/ws_22/Resource/iqb-player-aspect@1.20.1.html openat yes /usr/sbin/apache2 unset 59937
14. 11.01.2023 12:46:40 /var/www/html/testcenter/data/ws_22/Resource/iqb-player-aspect@1.20.1.html openat yes /usr/sbin/apache2 unset 59938
15. 11.01.2023 12:46:40 /var/www/html/testcenter/data/ws_22/Resource/iqb-player-aspect@1.20.html openat yes /usr/sbin/apache2 unset 59939
16. 11.01.2023 12:46:40 /var/www/html/testcenter/data/ws_22/Resource/iqb-player-aspect@1.20.html openat yes /usr/sbin/apache2 unset 59940
17. 11.01.2023 12:46:40 /var/www/html/testcenter/data/ws_22/Resource/iqb-player-aspect@1.23.0.html openat yes /usr/sbin/apache2 unset 59941
18. 11.01.2023 12:46:40 /var/www/html/testcenter/data/ws_22/Resource/iqb-player-aspect@1.23.0.html openat yes /usr/sbin/apache2 unset 59942
19. 11.01.2023 12:46:40 /var/www/html/testcenter/data/ws_22/Resource/iqb-player-aspect@1.25.0.html openat yes /usr/sbin/apache2 unset 59943
20. 11.01.2023 12:46:40 /var/www/html/testcenter/data/ws_22/Resource/iqb-player-aspect@1.25.0.html openat yes /usr/sbin/apache2 unset 59944
24. 11.01.2023 12:46:40 /var/www/html/testcenter/data/ws_22/Unit openat yes /usr/sbin/apache2 unset 59948
25. 11.01.2023 12:46:40 /var/www/html/testcenter/data/ws_22/Unit/L5LG00101.xml openat yes /usr/sbin/apache2 unset 59949
26. 11.01.2023 12:46:40 /var/www/html/testcenter/data/ws_22/Unit/L5LG00101.xml openat yes /usr/sbin/apache2 unset 59950
27. 11.01.2023 12:46:40 /var/www/html/testcenter/data/ws_22/Unit/L5LG00102.xml openat yes /usr/sbin/apache2 unset 59951
28. 11.01.2023 12:46:40 /var/www/html/testcenter/data/ws_22/Unit/L5LG00102.xml openat yes /usr/sbin/apache2 unset 59952
29. 11.01.2023 12:46:40 /var/www/html/testcenter/data/ws_22/Unit/L5LG00103.xml openat yes /usr/sbin/apache2 unset 59953
30. 11.01.2023 12:46:40 /var/www/html/testcenter/data/ws_22/Unit/L5LG00103.xml openat yes /usr/sbin/apache2 unset 59954
31. 11.01.2023 12:46:40 /var/www/html/testcenter/data/ws_22/Unit/L5LG00104.xml openat yes /usr/sbin/apache2 unset 59955
32. 11.01.2023 12:46:40 /var/www/html/testcenter/data/ws_22/Unit/L5LG00104.xml openat yes /usr/sbin/apache2 unset 59956
33. 11.01.2023 12:46:40 /var/www/html/testcenter/data/ws_22/Unit/L5LG00105.xml openat yes /usr/sbin/apache2 unset 59957
34. 11.01.2023 12:46:40 /var/www/html/testcenter/data/ws_22/Unit/L5LG00105.xml openat yes /usr/sbin/apache2 unset 59958
35. 11.01.2023 12:46:40 /var/www/html/testcenter/data/ws_22/Unit/L5LG00106.xml openat yes /usr/sbin/apache2 unset 59959
36. 11.01.2023 12:46:40 /var/www/html/testcenter/data/ws_22/Unit/L5LG00106.xml openat yes /usr/sbin/apache2 unset 59960
37. 11.01.2023 12:46:40 /var/www/html/testcenter/data/ws_22/Unit/L5LG00107.xml openat yes /usr/sbin/apache2 unset 59961
38. 11.01.2023 12:46:40 /var/www/html/testcenter/data/ws_22/Unit/L5LG00107.xml openat yes /usr/sbin/apache2 unset 59962
39. 11.01.2023 12:46:40 /var/www/html/testcenter/data/ws_22/Unit/L5LG00108.xml openat yes /usr/sbin/apache2 unset 59963
40. 11.01.2023 12:46:40 /var/www/html/testcenter/data/ws_22/Unit/L5LG00108.xml openat yes /usr/sbin/apache2 unset 59964
41. 11.01.2023 12:46:40 /var/www/html/testcenter/data/ws_22/Unit/L5LG00109.xml openat yes /usr/sbin/apache2 unset 59965
42. 11.01.2023 12:46:40 /var/www/html/testcenter/data/ws_22/Unit/L5LG00109.xml openat yes /usr/sbin/apache2 unset 59966
43. 11.01.2023 12:46:40 /var/www/html/testcenter/data/ws_22/Unit/L5LG00110.xml openat yes /usr/sbin/apache2 unset 59967
44. 11.01.2023 12:46:40 /var/www/html/testcenter/data/ws_22/Unit/L5LG00110.xml openat yes /usr/sbin/apache2 unset 59968
45. 11.01.2023 12:46:40 /var/www/html/testcenter/data/ws_22/Unit/L5LG00111.xml openat yes /usr/sbin/apache2 unset 59969
46. 11.01.2023 12:46:40 /var/www/html/testcenter/data/ws_22/Unit/L5LG00111.xml openat yes /usr/sbin/apache2 unset 59970
47. 11.01.2023 12:46:40 /var/www/html/testcenter/data/ws_22/Unit/L5LG00112.xml openat yes /usr/sbin/apache2 unset 59971
48. 11.01.2023 12:46:40 /var/www/html/testcenter/data/ws_22/Unit/L5LG00112.xml openat yes /usr/sbin/apache2 unset 59972
49. 11.01.2023 12:46:40 /var/www/html/testcenter/data/ws_22/Unit/L5LG00113.xml openat yes /usr/sbin/apache2 unset 59973
50. 11.01.2023 12:46:40 /var/www/html/testcenter/data/ws_22/Unit/L5LG00113.xml openat yes /usr/sbin/apache2 unset 59974
51. 11.01.2023 12:46:40 /var/www/html/testcenter/data/ws_22/Unit/L5LG00114.xml openat yes /usr/sbin/apache2 unset 59975
52. 11.01.2023 12:46:40 /var/www/html/testcenter/data/ws_22/Unit/L5LG00114.xml openat yes /usr/sbin/apache2 unset 59976
53. 11.01.2023 12:46:40 /var/www/html/testcenter/data/ws_22/Unit/L5LG00115.xml openat yes /usr/sbin/apache2 unset 59977
54. 11.01.2023 12:46:40 /var/www/html/testcenter/data/ws_22/Unit/L5LG00115.xml openat yes /usr/sbin/apache2 unset 59978
55. 11.01.2023 12:46:40 /var/www/html/testcenter/data/ws_22/Unit/L5LG00116.xml openat yes /usr/sbin/apache2 unset 59979
56. 11.01.2023 12:46:40 /var/www/html/testcenter/data/ws_22/Unit/L5LG00116.xml openat yes /usr/sbin/apache2 unset 59980
57. 11.01.2023 12:46:40 /var/www/html/testcenter/data/ws_22/Unit/L5LG00117.xml openat yes /usr/sbin/apache2 unset 59981
58. 11.01.2023 12:46:40 /var/www/html/testcenter/data/ws_22/Unit/L5LG00117.xml openat yes /usr/sbin/apache2 unset 59982
59. 11.01.2023 12:46:40 /var/www/html/testcenter/data/ws_22/Unit/L5LG00118.xml openat yes /usr/sbin/apache2 unset 59983
60. 11.01.2023 12:46:40 /var/www/html/testcenter/data/ws_22/Unit/L5LG00118.xml openat yes /usr/sbin/apache2 unset 59984
61. 11.01.2023 12:46:40 /var/www/html/testcenter/data/ws_22/Unit/L5LG00119.xml openat yes /usr/sbin/apache2 unset 59985
62. 11.01.2023 12:46:40 /var/www/html/testcenter/data/ws_22/Unit/L5LG00119.xml openat yes /usr/sbin/apache2 unset 59986
63. 11.01.2023 12:46:40 /var/www/html/testcenter/data/ws_22/Unit/L5LG00120.xml openat yes /usr/sbin/apache2 unset 59987
64. 11.01.2023 12:46:40 /var/www/html/testcenter/data/ws_22/Unit/L5LG00120.xml openat yes /usr/sbin/apache2 unset 59988
65. 11.01.2023 12:46:40 /var/www/html/testcenter/data/ws_22/Unit/L5LG00121.xml openat yes /usr/sbin/apache2 unset 59989
66. 11.01.2023 12:46:40 /var/www/html/testcenter/data/ws_22/Unit/L5LG00121.xml openat yes /usr/sbin/apache2 unset 59990
67. 11.01.2023 12:46:40 /var/www/html/testcenter/data/ws_22/Unit/L5LG00122.xml openat yes /usr/sbin/apache2 unset 59991
68. 11.01.2023 12:46:40 /var/www/html/testcenter/data/ws_22/Unit/L5LG00122.xml openat yes /usr/sbin/apache2 unset 59992
69. 11.01.2023 12:46:40 /var/www/html/testcenter/data/ws_22/Unit/L5LG00123.xml openat yes /usr/sbin/apache2 unset 59993
70. 11.01.2023 12:46:40 /var/www/html/testcenter/data/ws_22/Unit/L5LG00123.xml openat yes /usr/sbin/apache2 unset 59994
71. 11.01.2023 12:46:40 /var/www/html/testcenter/data/ws_22/Unit/L5LG00124.xml openat yes /usr/sbin/apache2 unset 59995
72. 11.01.2023 12:46:40 /var/www/html/testcenter/data/ws_22/Unit/L5LG00124.xml openat yes /usr/sbin/apache2 unset 59996
73. 11.01.2023 12:46:40 /var/www/html/testcenter/data/ws_22/Unit/L5LG00125.xml openat yes /usr/sbin/apache2 unset 59997
74. 11.01.2023 12:46:40 /var/www/html/testcenter/data/ws_22/Unit/L5LG00125.xml openat yes /usr/sbin/apache2 unset 59998
75. 11.01.2023 12:46:40 /var/www/html/testcenter/data/ws_22/Unit/L5LG00126.xml openat yes /usr/sbin/apache2 unset 59999
76. 11.01.2023 12:46:40 /var/www/html/testcenter/data/ws_22/Unit/L5LG00126.xml openat yes /usr/sbin/apache2 unset 60000
77. 11.01.2023 12:46:40 /var/www/html/testcenter/data/ws_22/Unit/L5LG00127.xml openat yes /usr/sbin/apache2 unset 60001
78. 11.01.2023 12:46:40 /var/www/html/testcenter/data/ws_22/Unit/L5LG00127.xml openat yes /usr/sbin/apache2 unset 60002
79. 11.01.2023 12:46:40 /var/www/html/testcenter/data/ws_22/Unit/L5LG00128.xml openat yes /usr/sbin/apache2 unset 60003
80. 11.01.2023 12:46:40 /var/www/html/testcenter/data/ws_22/Unit/L5LG00128.xml openat yes /usr/sbin/apache2 unset 60004
81. 11.01.2023 12:46:40 /var/www/html/testcenter/data/ws_22/Unit/L5LG00129.xml openat yes /usr/sbin/apache2 unset 60005
82. 11.01.2023 12:46:40 /var/www/html/testcenter/data/ws_22/Unit/L5LG00129.xml openat yes /usr/sbin/apache2 unset 60006
83. 11.01.2023 12:46:40 /var/www/html/testcenter/data/ws_22/Unit/L5LG00130.xml openat yes /usr/sbin/apache2 unset 60007
84. 11.01.2023 12:46:40 /var/www/html/testcenter/data/ws_22/Unit/L5LG00130.xml openat yes /usr/sbin/apache2 unset 60008
85. 11.01.2023 12:46:40 /var/www/html/testcenter/data/ws_22/Unit/L5LG00131.xml openat yes /usr/sbin/apache2 unset 60009
86. 11.01.2023 12:46:40 /var/www/html/testcenter/data/ws_22/Unit/L5LG00131.xml openat yes /usr/sbin/apache2 unset 60010
87. 11.01.2023 12:46:40 /var/www/html/testcenter/data/ws_22/Unit/L5LG00132.xml openat yes /usr/sbin/apache2 unset 60011
88. 11.01.2023 12:46:40 /var/www/html/testcenter/data/ws_22/Unit/L5LG00132.xml openat yes /usr/sbin/apache2 unset 60012
89. 11.01.2023 12:46:40 /var/www/html/testcenter/data/ws_22/Unit/L5LG00133.xml openat yes /usr/sbin/apache2 unset 60013
90. 11.01.2023 12:46:40 /var/www/html/testcenter/data/ws_22/Unit/L5LG00133.xml openat yes /usr/sbin/apache2 unset 60014
91. 11.01.2023 12:46:40 /var/www/html/testcenter/data/ws_22/Unit/L5LG00134.xml openat yes /usr/sbin/apache2 unset 60015
92. 11.01.2023 12:46:40 /var/www/html/testcenter/data/ws_22/Unit/L5LG00134.xml openat yes /usr/sbin/apache2 unset 60016
93. 11.01.2023 12:46:40 /var/www/html/testcenter/data/ws_22/Unit/L5LG00135.xml openat yes /usr/sbin/apache2 unset 60017
94. 11.01.2023 12:46:40 /var/www/html/testcenter/data/ws_22/Unit/L5LG00135.xml openat yes /usr/sbin/apache2 unset 60018
95. 11.01.2023 12:46:40 /var/www/html/testcenter/data/ws_22/Unit/L5LG00136.xml openat yes /usr/sbin/apache2 unset 60019
96. 11.01.2023 12:46:40 /var/www/html/testcenter/data/ws_22/Unit/L5LG00136.xml openat yes /usr/sbin/apache2 unset 60020
97. 11.01.2023 12:46:40 /var/www/html/testcenter/data/ws_22/Unit/L5LG00137.xml openat yes /usr/sbin/apache2 unset 60021
98. 11.01.2023 12:46:40 /var/www/html/testcenter/data/ws_22/Unit/L5LG00137.xml openat yes /usr/sbin/apache2 unset 60022
99. 11.01.2023 12:46:40 /var/www/html/testcenter/data/ws_22/Unit/L5LG00138.xml openat yes /usr/sbin/apache2 unset 60023
100. 11.01.2023 12:46:40 /var/www/html/testcenter/data/ws_22/Unit/L5LG00138.xml openat yes /usr/sbin/apache2 unset 60024
101. 11.01.2023 12:46:40 /var/www/html/testcenter/data/ws_22/Unit/L5LG00139.xml openat yes /usr/sbin/apache2 unset 60025
102. 11.01.2023 12:46:40 /var/www/html/testcenter/data/ws_22/Unit/L5LG00139.xml openat yes /usr/sbin/apache2 unset 60026
103. 11.01.2023 12:46:40 /var/www/html/testcenter/data/ws_22/Unit/L5LG00140.xml openat yes /usr/sbin/apache2 unset 60027
104. 11.01.2023 12:46:40 /var/www/html/testcenter/data/ws_22/Unit/L5LG00140.xml openat yes /usr/sbin/apache2 unset 60028
105. 11.01.2023 12:46:40 /var/www/html/testcenter/data/ws_22/Unit/L5LG00201.xml openat yes /usr/sbin/apache2 unset 60029
106. 11.01.2023 12:46:40 /var/www/html/testcenter/data/ws_22/Unit/L5LG00201.xml openat yes /usr/sbin/apache2 unset 60030
107. 11.01.2023 12:46:40 /var/www/html/testcenter/data/ws_22/Unit/L5LG00202.xml openat yes /usr/sbin/apache2 unset 60031
108. 11.01.2023 12:46:40 /var/www/html/testcenter/data/ws_22/Unit/L5LG00202.xml openat yes /usr/sbin/apache2 unset 60032
109. 11.01.2023 12:46:40 /var/www/html/testcenter/data/ws_22/Unit/L5LG00203.xml openat yes /usr/sbin/apache2 unset 60033
110. 11.01.2023 12:46:40 /var/www/html/testcenter/data/ws_22/Unit/L5LG00203.xml openat yes /usr/sbin/apache2 unset 60034
111. 11.01.2023 12:46:40 /var/www/html/testcenter/data/ws_22/Unit/L5LG00204.xml openat yes /usr/sbin/apache2 unset 60035
112. 11.01.2023 12:46:40 /var/www/html/testcenter/data/ws_22/Unit/L5LG00204.xml openat yes /usr/sbin/apache2 unset 60036
113. 11.01.2023 12:46:40 /var/www/html/testcenter/data/ws_22/Unit/L5LG00205.xml openat yes /usr/sbin/apache2 unset 60037
114. 11.01.2023 12:46:40 /var/www/html/testcenter/data/ws_22/Unit/L5LG00205.xml openat yes /usr/sbin/apache2 unset 60038
115. 11.01.2023 12:46:40 /var/www/html/testcenter/data/ws_22/Unit/L5LG00206.xml openat yes /usr/sbin/apache2 unset 60039
116. 11.01.2023 12:46:40 /var/www/html/testcenter/data/ws_22/Unit/L5LG00206.xml openat yes /usr/sbin/apache2 unset 60040
117. 11.01.2023 12:46:40 /var/www/html/testcenter/data/ws_22/Unit/L5LG00207.xml openat yes /usr/sbin/apache2 unset 60041
118. 11.01.2023 12:46:40 /var/www/html/testcenter/data/ws_22/Unit/L5LG00207.xml openat yes /usr/sbin/apache2 unset 60042
119. 11.01.2023 12:46:40 /var/www/html/testcenter/data/ws_22/Unit/L5LG00208.xml openat yes /usr/sbin/apache2 unset 60043
120. 11.01.2023 12:46:40 /var/www/html/testcenter/data/ws_22/Unit/L5LG00208.xml openat yes /usr/sbin/apache2 unset 60044
121. 11.01.2023 12:46:40 /var/www/html/testcenter/data/ws_22/Unit/L5LG00209.xml openat yes /usr/sbin/apache2 unset 60045
122. 11.01.2023 12:46:40 /var/www/html/testcenter/data/ws_22/Unit/L5LG00209.xml openat yes /usr/sbin/apache2 unset 60046
123. 11.01.2023 12:46:40 /var/www/html/testcenter/data/ws_22/Unit/L5LG00210.xml openat yes /usr/sbin/apache2 unset 60047
124. 11.01.2023 12:46:40 /var/www/html/testcenter/data/ws_22/Unit/L5LG00210.xml openat yes /usr/sbin/apache2 unset 60048
125. 11.01.2023 12:46:40 /var/www/html/testcenter/data/ws_22/Unit/L5LG00211.xml openat yes /usr/sbin/apache2 unset 60049
126. 11.01.2023 12:46:40 /var/www/html/testcenter/data/ws_22/Unit/L5LG00211.xml openat yes /usr/sbin/apache2 unset 60050
127. 11.01.2023 12:46:40 /var/www/html/testcenter/data/ws_22/Unit/L5LG00212.xml openat yes /usr/sbin/apache2 unset 60051
128. 11.01.2023 12:46:40 /var/www/html/testcenter/data/ws_22/Unit/L5LG00212.xml openat yes /usr/sbin/apache2 unset 60052
129. 11.01.2023 12:46:40 /var/www/html/testcenter/data/ws_22/Unit/L5LG00213.xml openat yes /usr/sbin/apache2 unset 60053
130. 11.01.2023 12:46:40 /var/www/html/testcenter/data/ws_22/Unit/L5LG00213.xml openat yes /usr/sbin/apache2 unset 60054
131. 11.01.2023 12:46:40 /var/www/html/testcenter/data/ws_22/Unit/L5LG00214.xml openat yes /usr/sbin/apache2 unset 60055
132. 11.01.2023 12:46:40 /var/www/html/testcenter/data/ws_22/Unit/L5LG00214.xml openat yes /usr/sbin/apache2 unset 60056
133. 11.01.2023 12:46:40 /var/www/html/testcenter/data/ws_22/Unit/L5LG00215.xml openat yes /usr/sbin/apache2 unset 60057
134. 11.01.2023 12:46:40 /var/www/html/testcenter/data/ws_22/Unit/L5LG00215.xml openat yes /usr/sbin/apache2 unset 60058
135. 11.01.2023 12:46:40 /var/www/html/testcenter/data/ws_22/Unit/L5LG00216.xml openat yes /usr/sbin/apache2 unset 60059
136. 11.01.2023 12:46:40 /var/www/html/testcenter/data/ws_22/Unit/L5LG00216.xml openat yes /usr/sbin/apache2 unset 60060
137. 11.01.2023 12:46:40 /var/www/html/testcenter/data/ws_22/Unit/L5LG00217.xml openat yes /usr/sbin/apache2 unset 60061
138. 11.01.2023 12:46:40 /var/www/html/testcenter/data/ws_22/Unit/L5LG00217.xml openat yes /usr/sbin/apache2 unset 60062
139. 11.01.2023 12:46:40 /var/www/html/testcenter/data/ws_22/Unit/L5LG00218.xml openat yes /usr/sbin/apache2 unset 60063
140. 11.01.2023 12:46:40 /var/www/html/testcenter/data/ws_22/Unit/L5LG00218.xml openat yes /usr/sbin/apache2 unset 60064
141. 11.01.2023 12:46:40 /var/www/html/testcenter/data/ws_22/Unit/L5LG00219.xml openat yes /usr/sbin/apache2 unset 60065
142. 11.01.2023 12:46:40 /var/www/html/testcenter/data/ws_22/Unit/L5LG00219.xml openat yes /usr/sbin/apache2 unset 60066
143. 11.01.2023 12:46:40 /var/www/html/testcenter/data/ws_22/Unit/L5LG00220.xml openat yes /usr/sbin/apache2 unset 60067
144. 11.01.2023 12:46:40 /var/www/html/testcenter/data/ws_22/Unit/L5LG00220.xml openat yes /usr/sbin/apache2 unset 60068
145. 11.01.2023 12:46:40 /var/www/html/testcenter/data/ws_22/Unit/L5LG00221.xml openat yes /usr/sbin/apache2 unset 60069
146. 11.01.2023 12:46:40 /var/www/html/testcenter/data/ws_22/Unit/L5LG00221.xml openat yes /usr/sbin/apache2 unset 60070
147. 11.01.2023 12:46:40 /var/www/html/testcenter/data/ws_22/Unit/L5LG00222.xml openat yes /usr/sbin/apache2 unset 60071
148. 11.01.2023 12:46:40 /var/www/html/testcenter/data/ws_22/Unit/L5LG00222.xml openat yes /usr/sbin/apache2 unset 60072
149. 11.01.2023 12:46:40 /var/www/html/testcenter/data/ws_22/Unit/L5LG00223.xml openat yes /usr/sbin/apache2 unset 60073
150. 11.01.2023 12:46:40 /var/www/html/testcenter/data/ws_22/Unit/L5LG00223.xml openat yes /usr/sbin/apache2 unset 60074
151. 11.01.2023 12:46:40 /var/www/html/testcenter/data/ws_22/Unit/L5LG00224.xml openat yes /usr/sbin/apache2 unset 60075
152. 11.01.2023 12:46:40 /var/www/html/testcenter/data/ws_22/Unit/L5LG00224.xml openat yes /usr/sbin/apache2 unset 60076
153. 11.01.2023 12:46:40 /var/www/html/testcenter/data/ws_22/Unit/L5LG00225.xml openat yes /usr/sbin/apache2 unset 60077
154. 11.01.2023 12:46:40 /var/www/html/testcenter/data/ws_22/Unit/L5LG00225.xml openat yes /usr/sbin/apache2 unset 60078
155. 11.01.2023 12:46:40 /var/www/html/testcenter/data/ws_22/Unit/L5LG00226.xml openat yes /usr/sbin/apache2 unset 60079
156. 11.01.2023 12:46:40 /var/www/html/testcenter/data/ws_22/Unit/L5LG00226.xml openat yes /usr/sbin/apache2 unset 60080
157. 11.01.2023 12:46:40 /var/www/html/testcenter/data/ws_22/Unit/L5LG00227.xml openat yes /usr/sbin/apache2 unset 60081
158. 11.01.2023 12:46:40 /var/www/html/testcenter/data/ws_22/Unit/L5LG00227.xml openat yes /usr/sbin/apache2 unset 60082
159. 11.01.2023 12:46:40 /var/www/html/testcenter/data/ws_22/Unit/L5LG00228.xml openat yes /usr/sbin/apache2 unset 60083
160. 11.01.2023 12:46:40 /var/www/html/testcenter/data/ws_22/Unit/L5LG00228.xml openat yes /usr/sbin/apache2 unset 60084
161. 11.01.2023 12:46:40 /var/www/html/testcenter/data/ws_22/Unit/L5LG00229.xml openat yes /usr/sbin/apache2 unset 60085
162. 11.01.2023 12:46:40 /var/www/html/testcenter/data/ws_22/Unit/L5LG00229.xml openat yes /usr/sbin/apache2 unset 60086
163. 11.01.2023 12:46:40 /var/www/html/testcenter/data/ws_22/Unit/L5LG00230.xml openat yes /usr/sbin/apache2 unset 60087
164. 11.01.2023 12:46:40 /var/www/html/testcenter/data/ws_22/Unit/L5LG00230.xml openat yes /usr/sbin/apache2 unset 60088
165. 11.01.2023 12:46:40 /var/www/html/testcenter/data/ws_22/Unit/L5LG00231.xml openat yes /usr/sbin/apache2 unset 60089
166. 11.01.2023 12:46:40 /var/www/html/testcenter/data/ws_22/Unit/L5LG00231.xml openat yes /usr/sbin/apache2 unset 60090
167. 11.01.2023 12:46:40 /var/www/html/testcenter/data/ws_22/Unit/L5LG00232.xml openat yes /usr/sbin/apache2 unset 60091
168. 11.01.2023 12:46:40 /var/www/html/testcenter/data/ws_22/Unit/L5LG00232.xml openat yes /usr/sbin/apache2 unset 60092
171. 11.01.2023 12:46:40 /var/www/html/testcenter/data/ws_22/Unit/L5LG00233.xml openat yes /usr/sbin/apache2 unset 60095
172. 11.01.2023 12:46:40 /var/www/html/testcenter/data/ws_22/Unit/L5LG00233.xml openat yes /usr/sbin/apache2 unset 60096
173. 11.01.2023 12:46:40 /var/www/html/testcenter/data/ws_22/Unit/L5LG00234.xml openat yes /usr/sbin/apache2 unset 60097
174. 11.01.2023 12:46:40 /var/www/html/testcenter/data/ws_22/Unit/L5LG00234.xml openat yes /usr/sbin/apache2 unset 60098
175. 11.01.2023 12:46:40 /var/www/html/testcenter/data/ws_22/Unit/L5LG00235.xml openat yes /usr/sbin/apache2 unset 60099
176. 11.01.2023 12:46:40 /var/www/html/testcenter/data/ws_22/Unit/L5LG00235.xml openat yes /usr/sbin/apache2 unset 60100
177. 11.01.2023 12:46:40 /var/www/html/testcenter/data/ws_22/Unit/L5LG00236.xml openat yes /usr/sbin/apache2 unset 60101
178. 11.01.2023 12:46:40 /var/www/html/testcenter/data/ws_22/Unit/L5LG00236.xml openat yes /usr/sbin/apache2 unset 60102
179. 11.01.2023 12:46:40 /var/www/html/testcenter/data/ws_22/Unit/L5LG00301.xml openat yes /usr/sbin/apache2 unset 60103
180. 11.01.2023 12:46:40 /var/www/html/testcenter/data/ws_22/Unit/L5LG00301.xml openat yes /usr/sbin/apache2 unset 60104
181. 11.01.2023 12:46:40 /var/www/html/testcenter/data/ws_22/Unit/L5LG00302.xml openat yes /usr/sbin/apache2 unset 60105
182. 11.01.2023 12:46:40 /var/www/html/testcenter/data/ws_22/Unit/L5LG00302.xml openat yes /usr/sbin/apache2 unset 60106
183. 11.01.2023 12:46:40 /var/www/html/testcenter/data/ws_22/Unit/L5LG00303.xml openat yes /usr/sbin/apache2 unset 60107
184. 11.01.2023 12:46:40 /var/www/html/testcenter/data/ws_22/Unit/L5LG00303.xml openat yes /usr/sbin/apache2 unset 60108
185. 11.01.2023 12:46:40 /var/www/html/testcenter/data/ws_22/Unit/L5LG00304.xml openat yes /usr/sbin/apache2 unset 60109
186. 11.01.2023 12:46:40 /var/www/html/testcenter/data/ws_22/Unit/L5LG00304.xml openat yes /usr/sbin/apache2 unset 60110
187. 11.01.2023 12:46:40 /var/www/html/testcenter/data/ws_22/Unit/L5LG00305.xml openat yes /usr/sbin/apache2 unset 60111
188. 11.01.2023 12:46:40 /var/www/html/testcenter/data/ws_22/Unit/L5LG00305.xml openat yes /usr/sbin/apache2 unset 60112
190. 11.01.2023 12:46:40 /var/www/html/testcenter/data/ws_22/Unit/L5LG00306.xml openat yes /usr/sbin/apache2 unset 60114
191. 11.01.2023 12:46:40 /var/www/html/testcenter/data/ws_22/Unit/L5LG00306.xml openat yes /usr/sbin/apache2 unset 60115
192. 11.01.2023 12:46:40 /var/www/html/testcenter/data/ws_22/Unit/L5LG00307.xml openat yes /usr/sbin/apache2 unset 60116
193. 11.01.2023 12:46:40 /var/www/html/testcenter/data/ws_22/Unit/L5LG00307.xml openat yes /usr/sbin/apache2 unset 60117
194. 11.01.2023 12:46:40 /var/www/html/testcenter/data/ws_22/Unit/L5LG00308.xml openat yes /usr/sbin/apache2 unset 60118
195. 11.01.2023 12:46:40 /var/www/html/testcenter/data/ws_22/Unit/L5LG00308.xml openat yes /usr/sbin/apache2 unset 60119
196. 11.01.2023 12:46:40 /var/www/html/testcenter/data/ws_22/Unit/L5LG00309.xml openat yes /usr/sbin/apache2 unset 60120
197. 11.01.2023 12:46:40 /var/www/html/testcenter/data/ws_22/Unit/L5LG00309.xml openat yes /usr/sbin/apache2 unset 60121
198. 11.01.2023 12:46:40 /var/www/html/testcenter/data/ws_22/Unit/L5LG00310.xml openat yes /usr/sbin/apache2 unset 60122
199. 11.01.2023 12:46:40 /var/www/html/testcenter/data/ws_22/Unit/L5LG00310.xml openat yes /usr/sbin/apache2 unset 60123
200. 11.01.2023 12:46:40 /var/www/html/testcenter/data/ws_22/Unit/L5LG00311.xml openat yes /usr/sbin/apache2 unset 60124
201. 11.01.2023 12:46:40 /var/www/html/testcenter/data/ws_22/Unit/L5LG00311.xml openat yes /usr/sbin/apache2 unset 60125
202. 11.01.2023 12:46:40 /var/www/html/testcenter/data/ws_22/Unit/L5LG00312.xml openat yes /usr/sbin/apache2 unset 60126
203. 11.01.2023 12:46:40 /var/www/html/testcenter/data/ws_22/Unit/L5LG00312.xml openat yes /usr/sbin/apache2 unset 60127
204. 11.01.2023 12:46:40 /var/www/html/testcenter/data/ws_22/Unit/L5LG00313.xml openat yes /usr/sbin/apache2 unset 60128
205. 11.01.2023 12:46:40 /var/www/html/testcenter/data/ws_22/Unit/L5LG00313.xml openat yes /usr/sbin/apache2 unset 60129
206. 11.01.2023 12:46:40 /var/www/html/testcenter/data/ws_22/Unit/L5LG00314.xml openat yes /usr/sbin/apache2 unset 60130
207. 11.01.2023 12:46:40 /var/www/html/testcenter/data/ws_22/Unit/L5LG00314.xml openat yes /usr/sbin/apache2 unset 60131
208. 11.01.2023 12:46:40 /var/www/html/testcenter/data/ws_22/Unit/L5LG00315.xml openat yes /usr/sbin/apache2 unset 60132
209. 11.01.2023 12:46:40 /var/www/html/testcenter/data/ws_22/Unit/L5LG00315.xml openat yes /usr/sbin/apache2 unset 60133
210. 11.01.2023 12:46:40 /var/www/html/testcenter/data/ws_22/Unit/L5LG00316.xml openat yes /usr/sbin/apache2 unset 60134
211. 11.01.2023 12:46:40 /var/www/html/testcenter/data/ws_22/Unit/L5LG00316.xml openat yes /usr/sbin/apache2 unset 60135
212. 11.01.2023 12:46:40 /var/www/html/testcenter/data/ws_22/Unit/L5LG00317.xml openat yes /usr/sbin/apache2 unset 60136
213. 11.01.2023 12:46:40 /var/www/html/testcenter/data/ws_22/Unit/L5LG00317.xml openat yes /usr/sbin/apache2 unset 60137
214. 11.01.2023 12:46:40 /var/www/html/testcenter/data/ws_22/Unit/L5LG00318.xml openat yes /usr/sbin/apache2 unset 60138
215. 11.01.2023 12:46:40 /var/www/html/testcenter/data/ws_22/Unit/L5LG00318.xml openat yes /usr/sbin/apache2 unset 60139
216. 11.01.2023 12:46:40 /var/www/html/testcenter/data/ws_22/Unit/L5LG00319.xml openat yes /usr/sbin/apache2 unset 60140
217. 11.01.2023 12:46:40 /var/www/html/testcenter/data/ws_22/Unit/L5LG00319.xml openat yes /usr/sbin/apache2 unset 60141
218. 11.01.2023 12:46:40 /var/www/html/testcenter/data/ws_22/Unit/L5LG00320.xml openat yes /usr/sbin/apache2 unset 60142
219. 11.01.2023 12:46:40 /var/www/html/testcenter/data/ws_22/Unit/L5LG00320.xml openat yes /usr/sbin/apache2 unset 60143
220. 11.01.2023 12:46:40 /var/www/html/testcenter/data/ws_22/Unit/L5LG00321.xml openat yes /usr/sbin/apache2 unset 60144
221. 11.01.2023 12:46:40 /var/www/html/testcenter/data/ws_22/Unit/L5LG00321.xml openat yes /usr/sbin/apache2 unset 60145
222. 11.01.2023 12:46:40 /var/www/html/testcenter/data/ws_22/Unit/L5LG00322.xml openat yes /usr/sbin/apache2 unset 60146
223. 11.01.2023 12:46:40 /var/www/html/testcenter/data/ws_22/Unit/L5LG00322.xml openat yes /usr/sbin/apache2 unset 60147
224. 11.01.2023 12:46:40 /var/www/html/testcenter/data/ws_22/Unit/L5LG00323.xml openat yes /usr/sbin/apache2 unset 60148
225. 11.01.2023 12:46:40 /var/www/html/testcenter/data/ws_22/Unit/L5LG00323.xml openat yes /usr/sbin/apache2 unset 60149
226. 11.01.2023 12:46:40 /var/www/html/testcenter/data/ws_22/Unit/L5LG00324.xml openat yes /usr/sbin/apache2 unset 60150
227. 11.01.2023 12:46:40 /var/www/html/testcenter/data/ws_22/Unit/L5LG00324.xml openat yes /usr/sbin/apache2 unset 60151
228. 11.01.2023 12:46:40 /var/www/html/testcenter/data/ws_22/Unit/L5LG00325.xml openat yes /usr/sbin/apache2 unset 60152
229. 11.01.2023 12:46:40 /var/www/html/testcenter/data/ws_22/Unit/L5LG00325.xml openat yes /usr/sbin/apache2 unset 60153
230. 11.01.2023 12:46:40 /var/www/html/testcenter/data/ws_22/Unit/L5LG00326.xml openat yes /usr/sbin/apache2 unset 60154
231. 11.01.2023 12:46:40 /var/www/html/testcenter/data/ws_22/Unit/L5LG00326.xml openat yes /usr/sbin/apache2 unset 60155
232. 11.01.2023 12:46:40 /var/www/html/testcenter/data/ws_22/Unit/L5LG00327.xml openat yes /usr/sbin/apache2 unset 60156
233. 11.01.2023 12:46:40 /var/www/html/testcenter/data/ws_22/Unit/L5LG00327.xml openat yes /usr/sbin/apache2 unset 60157
234. 11.01.2023 12:46:40 /var/www/html/testcenter/data/ws_22/Unit/L5LG00328.xml openat yes /usr/sbin/apache2 unset 60158
235. 11.01.2023 12:46:40 /var/www/html/testcenter/data/ws_22/Unit/L5LG00328.xml openat yes /usr/sbin/apache2 unset 60159
236. 11.01.2023 12:46:40 /var/www/html/testcenter/data/ws_22/Unit/L5LG00329.xml openat yes /usr/sbin/apache2 unset 60160
237. 11.01.2023 12:46:40 /var/www/html/testcenter/data/ws_22/Unit/L5LG00329.xml openat yes /usr/sbin/apache2 unset 60161
238. 11.01.2023 12:46:40 /var/www/html/testcenter/data/ws_22/Unit/L5LG00330.xml openat yes /usr/sbin/apache2 unset 60162
239. 11.01.2023 12:46:40 /var/www/html/testcenter/data/ws_22/Unit/L5LG00330.xml openat yes /usr/sbin/apache2 unset 60163
240. 11.01.2023 12:46:40 /var/www/html/testcenter/data/ws_22/Unit/L5LG00331.xml openat yes /usr/sbin/apache2 unset 60164
241. 11.01.2023 12:46:40 /var/www/html/testcenter/data/ws_22/Unit/L5LG00331.xml openat yes /usr/sbin/apache2 unset 60165
242. 11.01.2023 12:46:40 /var/www/html/testcenter/data/ws_22/Unit/L5LG00332.xml openat yes /usr/sbin/apache2 unset 60166
243. 11.01.2023 12:46:40 /var/www/html/testcenter/data/ws_22/Unit/L5LG00332.xml openat yes /usr/sbin/apache2 unset 60167
244. 11.01.2023 12:46:40 /var/www/html/testcenter/data/ws_22/Unit/L5LG00333.xml openat yes /usr/sbin/apache2 unset 60168
245. 11.01.2023 12:46:40 /var/www/html/testcenter/data/ws_22/Unit/L5LG00333.xml openat yes /usr/sbin/apache2 unset 60169
246. 11.01.2023 12:46:40 /var/www/html/testcenter/data/ws_22/Unit/L5LG00334.xml openat yes /usr/sbin/apache2 unset 60170
247. 11.01.2023 12:46:40 /var/www/html/testcenter/data/ws_22/Unit/L5LG00334.xml openat yes /usr/sbin/apache2 unset 60171
248. 11.01.2023 12:46:40 /var/www/html/testcenter/data/ws_22/Unit/L5LG00335.xml openat yes /usr/sbin/apache2 unset 60172
249. 11.01.2023 12:46:40 /var/www/html/testcenter/data/ws_22/Unit/L5LG00335.xml openat yes /usr/sbin/apache2 unset 60173
250. 11.01.2023 12:46:40 /var/www/html/testcenter/data/ws_22/Unit/L5LG00336.xml openat yes /usr/sbin/apache2 unset 60174
251. 11.01.2023 12:46:40 /var/www/html/testcenter/data/ws_22/Unit/L5LG00336.xml openat yes /usr/sbin/apache2 unset 60175
252. 11.01.2023 12:46:40 /var/www/html/testcenter/data/ws_22/Unit/L5LG00337.xml openat yes /usr/sbin/apache2 unset 60176
253. 11.01.2023 12:46:40 /var/www/html/testcenter/data/ws_22/Unit/L5LG00337.xml openat yes /usr/sbin/apache2 unset 60177
254. 11.01.2023 12:46:40 /var/www/html/testcenter/data/ws_22/Unit/L5LG00338.xml openat yes /usr/sbin/apache2 unset 60178
255. 11.01.2023 12:46:40 /var/www/html/testcenter/data/ws_22/Unit/L5LG00338.xml openat yes /usr/sbin/apache2 unset 60179
256. 11.01.2023 12:46:40 /var/www/html/testcenter/data/ws_22/Unit/L5LG00339.xml openat yes /usr/sbin/apache2 unset 60180
257. 11.01.2023 12:46:40 /var/www/html/testcenter/data/ws_22/Unit/L5LG00339.xml openat yes /usr/sbin/apache2 unset 60181
258. 11.01.2023 12:46:40 /var/www/html/testcenter/data/ws_22/Unit/L5LG00340.xml openat yes /usr/sbin/apache2 unset 60182
259. 11.01.2023 12:46:40 /var/www/html/testcenter/data/ws_22/Unit/L5LG00340.xml openat yes /usr/sbin/apache2 unset 60183
260. 11.01.2023 12:46:40 /var/www/html/testcenter/data/ws_22/Unit/L5LG00341.xml openat yes /usr/sbin/apache2 unset 60184
261. 11.01.2023 12:46:40 /var/www/html/testcenter/data/ws_22/Unit/L5LG00341.xml openat yes /usr/sbin/apache2 unset 60185
262. 11.01.2023 12:46:40 /var/www/html/testcenter/data/ws_22/Unit/L5LG00342.xml openat yes /usr/sbin/apache2 unset 60186
263. 11.01.2023 12:46:40 /var/www/html/testcenter/data/ws_22/Unit/L5LG00342.xml openat yes /usr/sbin/apache2 unset 60187
264. 11.01.2023 12:46:40 /var/www/html/testcenter/data/ws_22/Unit/L5LG00401.xml openat yes /usr/sbin/apache2 unset 60188
265. 11.01.2023 12:46:40 /var/www/html/testcenter/data/ws_22/Unit/L5LG00401.xml openat yes /usr/sbin/apache2 unset 60189
266. 11.01.2023 12:46:40 /var/www/html/testcenter/data/ws_22/Unit/L5LG00402.xml openat yes /usr/sbin/apache2 unset 60190
267. 11.01.2023 12:46:40 /var/www/html/testcenter/data/ws_22/Unit/L5LG00402.xml openat yes /usr/sbin/apache2 unset 60191
268. 11.01.2023 12:46:40 /var/www/html/testcenter/data/ws_22/Unit/L5LG00403.xml openat yes /usr/sbin/apache2 unset 60192
269. 11.01.2023 12:46:40 /var/www/html/testcenter/data/ws_22/Unit/L5LG00403.xml openat yes /usr/sbin/apache2 unset 60193
270. 11.01.2023 12:46:40 /var/www/html/testcenter/data/ws_22/Unit/L5LG00404.xml openat yes /usr/sbin/apache2 unset 60194
271. 11.01.2023 12:46:40 /var/www/html/testcenter/data/ws_22/Unit/L5LG00404.xml openat yes /usr/sbin/apache2 unset 60195
272. 11.01.2023 12:46:40 /var/www/html/testcenter/data/ws_22/Unit/L5LG00405.xml openat yes /usr/sbin/apache2 unset 60196
273. 11.01.2023 12:46:40 /var/www/html/testcenter/data/ws_22/Unit/L5LG00405.xml openat yes /usr/sbin/apache2 unset 60197
274. 11.01.2023 12:46:40 /var/www/html/testcenter/data/ws_22/Unit/L5LG00406.xml openat yes /usr/sbin/apache2 unset 60198
275. 11.01.2023 12:46:40 /var/www/html/testcenter/data/ws_22/Unit/L5LG00406.xml openat yes /usr/sbin/apache2 unset 60199
276. 11.01.2023 12:46:40 /var/www/html/testcenter/data/ws_22/Unit/L5LG00407.xml openat yes /usr/sbin/apache2 unset 60200
277. 11.01.2023 12:46:40 /var/www/html/testcenter/data/ws_22/Unit/L5LG00407.xml openat yes /usr/sbin/apache2 unset 60201
278. 11.01.2023 12:46:40 /var/www/html/testcenter/data/ws_22/Unit/L5LG00408.xml openat yes /usr/sbin/apache2 unset 60202
279. 11.01.2023 12:46:40 /var/www/html/testcenter/data/ws_22/Unit/L5LG00408.xml openat yes /usr/sbin/apache2 unset 60203
280. 11.01.2023 12:46:40 /var/www/html/testcenter/data/ws_22/Unit/L5LG00409.xml openat yes /usr/sbin/apache2 unset 60204
281. 11.01.2023 12:46:40 /var/www/html/testcenter/data/ws_22/Unit/L5LG00409.xml openat yes /usr/sbin/apache2 unset 60205
282. 11.01.2023 12:46:40 /var/www/html/testcenter/data/ws_22/Unit/L5LG00410.xml openat yes /usr/sbin/apache2 unset 60206
283. 11.01.2023 12:46:40 /var/www/html/testcenter/data/ws_22/Unit/L5LG00410.xml openat yes /usr/sbin/apache2 unset 60207
284. 11.01.2023 12:46:40 /var/www/html/testcenter/data/ws_22/Unit/L5LG00411.xml openat yes /usr/sbin/apache2 unset 60208
285. 11.01.2023 12:46:40 /var/www/html/testcenter/data/ws_22/Unit/L5LG00411.xml openat yes /usr/sbin/apache2 unset 60209
286. 11.01.2023 12:46:40 /var/www/html/testcenter/data/ws_22/Unit/L5LG00412.xml openat yes /usr/sbin/apache2 unset 60210
287. 11.01.2023 12:46:40 /var/www/html/testcenter/data/ws_22/Unit/L5LG00412.xml openat yes /usr/sbin/apache2 unset 60211
288. 11.01.2023 12:46:40 /var/www/html/testcenter/data/ws_22/Unit/L5LG00413.xml openat yes /usr/sbin/apache2 unset 60212
289. 11.01.2023 12:46:40 /var/www/html/testcenter/data/ws_22/Unit/L5LG00413.xml openat yes /usr/sbin/apache2 unset 60213
290. 11.01.2023 12:46:40 /var/www/html/testcenter/data/ws_22/Unit/L5LG00414.xml openat yes /usr/sbin/apache2 unset 60214
291. 11.01.2023 12:46:40 /var/www/html/testcenter/data/ws_22/Unit/L5LG00414.xml openat yes /usr/sbin/apache2 unset 60215
292. 11.01.2023 12:46:40 /var/www/html/testcenter/data/ws_22/Unit/L5LG00415.xml openat yes /usr/sbin/apache2 unset 60216
293. 11.01.2023 12:46:40 /var/www/html/testcenter/data/ws_22/Unit/L5LG00415.xml openat yes /usr/sbin/apache2 unset 60217
294. 11.01.2023 12:46:40 /var/www/html/testcenter/data/ws_22/Unit/L5LG00416.xml openat yes /usr/sbin/apache2 unset 60218
295. 11.01.2023 12:46:40 /var/www/html/testcenter/data/ws_22/Unit/L5LG00416.xml openat yes /usr/sbin/apache2 unset 60219
296. 11.01.2023 12:46:40 /var/www/html/testcenter/data/ws_22/Unit/L5LG00417.xml openat yes /usr/sbin/apache2 unset 60220
297. 11.01.2023 12:46:40 /var/www/html/testcenter/data/ws_22/Unit/L5LG00417.xml openat yes /usr/sbin/apache2 unset 60221
298. 11.01.2023 12:46:40 /var/www/html/testcenter/data/ws_22/Unit/L5LG00418.xml openat yes /usr/sbin/apache2 unset 60222
299. 11.01.2023 12:46:40 /var/www/html/testcenter/data/ws_22/Unit/L5LG00418.xml openat yes /usr/sbin/apache2 unset 60223
300. 11.01.2023 12:46:40 /var/www/html/testcenter/data/ws_22/Unit/L5LG00419.xml openat yes /usr/sbin/apache2 unset 60224
301. 11.01.2023 12:46:40 /var/www/html/testcenter/data/ws_22/Unit/L5LG00419.xml openat yes /usr/sbin/apache2 unset 60225
302. 11.01.2023 12:46:40 /var/www/html/testcenter/data/ws_22/Unit/L5LG00420.xml openat yes /usr/sbin/apache2 unset 60226
303. 11.01.2023 12:46:40 /var/www/html/testcenter/data/ws_22/Unit/L5LG00420.xml openat yes /usr/sbin/apache2 unset 60227
304. 11.01.2023 12:46:40 /var/www/html/testcenter/data/ws_22/Unit/L5LG00421.xml openat yes /usr/sbin/apache2 unset 60228
305. 11.01.2023 12:46:40 /var/www/html/testcenter/data/ws_22/Unit/L5LG00421.xml openat yes /usr/sbin/apache2 unset 60229
306. 11.01.2023 12:46:40 /var/www/html/testcenter/data/ws_22/Unit/L5LG00422.xml openat yes /usr/sbin/apache2 unset 60230
307. 11.01.2023 12:46:40 /var/www/html/testcenter/data/ws_22/Unit/L5LG00422.xml openat yes /usr/sbin/apache2 unset 60231
308. 11.01.2023 12:46:40 /var/www/html/testcenter/data/ws_22/Unit/L5LG00423.xml openat yes /usr/sbin/apache2 unset 60232
309. 11.01.2023 12:46:40 /var/www/html/testcenter/data/ws_22/Unit/L5LG00423.xml openat yes /usr/sbin/apache2 unset 60233
310. 11.01.2023 12:46:40 /var/www/html/testcenter/data/ws_22/Unit/L5LG00424.xml openat yes /usr/sbin/apache2 unset 60234
311. 11.01.2023 12:46:40 /var/www/html/testcenter/data/ws_22/Unit/L5LG00424.xml openat yes /usr/sbin/apache2 unset 60235
312. 11.01.2023 12:46:40 /var/www/html/testcenter/data/ws_22/Unit/L5LG00425.xml openat yes /usr/sbin/apache2 unset 60236
313. 11.01.2023 12:46:40 /var/www/html/testcenter/data/ws_22/Unit/L5LG00425.xml openat yes /usr/sbin/apache2 unset 60237
314. 11.01.2023 12:46:40 /var/www/html/testcenter/data/ws_22/Unit/L5LG00426.xml openat yes /usr/sbin/apache2 unset 60238
315. 11.01.2023 12:46:40 /var/www/html/testcenter/data/ws_22/Unit/L5LG00426.xml openat yes /usr/sbin/apache2 unset 60239
316. 11.01.2023 12:46:40 /var/www/html/testcenter/data/ws_22/Unit/L5LG00427.xml openat yes /usr/sbin/apache2 unset 60240
317. 11.01.2023 12:46:40 /var/www/html/testcenter/data/ws_22/Unit/L5LG00427.xml openat yes /usr/sbin/apache2 unset 60241
318. 11.01.2023 12:46:40 /var/www/html/testcenter/data/ws_22/Unit/L5LG00428.xml openat yes /usr/sbin/apache2 unset 60242
319. 11.01.2023 12:46:40 /var/www/html/testcenter/data/ws_22/Unit/L5LG00428.xml openat yes /usr/sbin/apache2 unset 60243
320. 11.01.2023 12:46:40 /var/www/html/testcenter/data/ws_22/Unit/L5LG00429.xml openat yes /usr/sbin/apache2 unset 60244
321. 11.01.2023 12:46:40 /var/www/html/testcenter/data/ws_22/Unit/L5LG00429.xml openat yes /usr/sbin/apache2 unset 60245
322. 11.01.2023 12:46:40 /var/www/html/testcenter/data/ws_22/Unit/L5LG00430.xml openat yes /usr/sbin/apache2 unset 60246
323. 11.01.2023 12:46:40 /var/www/html/testcenter/data/ws_22/Unit/L5LG00430.xml openat yes /usr/sbin/apache2 unset 60247
324. 11.01.2023 12:46:40 /var/www/html/testcenter/data/ws_22/Unit/L5LG00431.xml openat yes /usr/sbin/apache2 unset 60248
325. 11.01.2023 12:46:40 /var/www/html/testcenter/data/ws_22/Unit/L5LG00431.xml openat yes /usr/sbin/apache2 unset 60249
326. 11.01.2023 12:46:40 /var/www/html/testcenter/data/ws_22/Unit/L5LG00432.xml openat yes /usr/sbin/apache2 unset 60250
327. 11.01.2023 12:46:40 /var/www/html/testcenter/data/ws_22/Unit/L5LG00432.xml openat yes /usr/sbin/apache2 unset 60251
328. 11.01.2023 12:46:40 /var/www/html/testcenter/data/ws_22/Unit/L5LG00433.xml openat yes /usr/sbin/apache2 unset 60252
329. 11.01.2023 12:46:40 /var/www/html/testcenter/data/ws_22/Unit/L5LG00433.xml openat yes /usr/sbin/apache2 unset 60253
330. 11.01.2023 12:46:40 /var/www/html/testcenter/data/ws_22/Unit/L5LG00434.xml openat yes /usr/sbin/apache2 unset 60254
331. 11.01.2023 12:46:40 /var/www/html/testcenter/data/ws_22/Unit/L5LG00434.xml openat yes /usr/sbin/apache2 unset 60255
332. 11.01.2023 12:46:40 /var/www/html/testcenter/data/ws_22/Unit/L5LG00435.xml openat yes /usr/sbin/apache2 unset 60256
333. 11.01.2023 12:46:40 /var/www/html/testcenter/data/ws_22/Unit/L5LG00435.xml openat yes /usr/sbin/apache2 unset 60257
334. 11.01.2023 12:46:40 /var/www/html/testcenter/data/ws_22/Unit/L5LG00436.xml openat yes /usr/sbin/apache2 unset 60258
335. 11.01.2023 12:46:40 /var/www/html/testcenter/data/ws_22/Unit/L5LG00436.xml openat yes /usr/sbin/apache2 unset 60259
336. 11.01.2023 12:46:40 /var/www/html/testcenter/data/ws_22/Unit/L5LG00437.xml openat yes /usr/sbin/apache2 unset 60260
337. 11.01.2023 12:46:40 /var/www/html/testcenter/data/ws_22/Unit/L5LG00437.xml openat yes /usr/sbin/apache2 unset 60261
338. 11.01.2023 12:46:40 /var/www/html/testcenter/data/ws_22/Unit/L5LG00438.xml openat yes /usr/sbin/apache2 unset 60262
339. 11.01.2023 12:46:40 /var/www/html/testcenter/data/ws_22/Unit/L5LG00438.xml openat yes /usr/sbin/apache2 unset 60263
340. 11.01.2023 12:46:40 /var/www/html/testcenter/data/ws_22/Unit/L5LG00439.xml openat yes /usr/sbin/apache2 unset 60264
341. 11.01.2023 12:46:40 /var/www/html/testcenter/data/ws_22/Unit/L5LG00439.xml openat yes /usr/sbin/apache2 unset 60265
342. 11.01.2023 12:46:40 /var/www/html/testcenter/data/ws_22/Unit/L5LG00440.xml openat yes /usr/sbin/apache2 unset 60266
343. 11.01.2023 12:46:40 /var/www/html/testcenter/data/ws_22/Unit/L5LG00440.xml openat yes /usr/sbin/apache2 unset 60267
344. 11.01.2023 12:46:40 /var/www/html/testcenter/data/ws_22/Unit/L5LG00441.xml openat yes /usr/sbin/apache2 unset 60268
345. 11.01.2023 12:46:40 /var/www/html/testcenter/data/ws_22/Unit/L5LG00441.xml openat yes /usr/sbin/apache2 unset 60269
347. 11.01.2023 12:46:40 /var/www/html/testcenter/data/ws_22/Unit/L5LG00501.xml openat yes /usr/sbin/apache2 unset 60271
349. 11.01.2023 12:46:40 /var/www/html/testcenter/data/ws_22/Unit/L5LG00501.xml openat yes /usr/sbin/apache2 unset 60273
350. 11.01.2023 12:46:40 /var/www/html/testcenter/data/ws_22/Unit/L5LG00502.xml openat yes /usr/sbin/apache2 unset 60274
351. 11.01.2023 12:46:40 /var/www/html/testcenter/data/ws_22/Unit/L5LG00502.xml openat yes /usr/sbin/apache2 unset 60275
352. 11.01.2023 12:46:40 /var/www/html/testcenter/data/ws_22/Unit/L5LG00503.xml openat yes /usr/sbin/apache2 unset 60276
353. 11.01.2023 12:46:40 /var/www/html/testcenter/data/ws_22/Unit/L5LG00503.xml openat yes /usr/sbin/apache2 unset 60277
354. 11.01.2023 12:46:40 /var/www/html/testcenter/data/ws_22/Unit/L5LG00504.xml openat yes /usr/sbin/apache2 unset 60278
355. 11.01.2023 12:46:40 /var/www/html/testcenter/data/ws_22/Unit/L5LG00504.xml openat yes /usr/sbin/apache2 unset 60279
356. 11.01.2023 12:46:40 /var/www/html/testcenter/data/ws_22/Unit/L5LG00505.xml openat yes /usr/sbin/apache2 unset 60280
357. 11.01.2023 12:46:40 /var/www/html/testcenter/data/ws_22/Unit/L5LG00505.xml openat yes /usr/sbin/apache2 unset 60281
358. 11.01.2023 12:46:40 /var/www/html/testcenter/data/ws_22/Unit/L5LG00506.xml openat yes /usr/sbin/apache2 unset 60282
359. 11.01.2023 12:46:40 /var/www/html/testcenter/data/ws_22/Unit/L5LG00506.xml openat yes /usr/sbin/apache2 unset 60283
360. 11.01.2023 12:46:40 /var/www/html/testcenter/data/ws_22/Unit/L5LG00507.xml openat yes /usr/sbin/apache2 unset 60284
361. 11.01.2023 12:46:40 /var/www/html/testcenter/data/ws_22/Unit/L5LG00507.xml openat yes /usr/sbin/apache2 unset 60285
362. 11.01.2023 12:46:40 /var/www/html/testcenter/data/ws_22/Unit/L5LG00508.xml openat yes /usr/sbin/apache2 unset 60286
363. 11.01.2023 12:46:40 /var/www/html/testcenter/data/ws_22/Unit/L5LG00508.xml openat yes /usr/sbin/apache2 unset 60287
364. 11.01.2023 12:46:40 /var/www/html/testcenter/data/ws_22/Unit/L5LG00509.xml openat yes /usr/sbin/apache2 unset 60288
365. 11.01.2023 12:46:40 /var/www/html/testcenter/data/ws_22/Unit/L5LG00509.xml openat yes /usr/sbin/apache2 unset 60289
367. 11.01.2023 12:46:41 /var/www/html/testcenter/data/ws_22/Testtakers/D0050_458_120982.xml openat yes /usr/sbin/apache2 unset 61415
368. 11.01.2023 12:46:41 /var/www/html/testcenter/data/ws_22/Testtakers/D0050_458_120982.xml openat yes /usr/sbin/apache2 unset 61416
369. 11.01.2023 12:46:41 /var/www/html/testcenter/data/ws_22/Testtakers/D0050_458_120984.xml openat yes /usr/sbin/apache2 unset 61417
370. 11.01.2023 12:46:41 /var/www/html/testcenter/data/ws_22/Testtakers/D0050_458_120984.xml openat yes /usr/sbin/apache2 unset 61418
371. 11.01.2023 12:46:41 /var/www/html/testcenter/data/ws_22/Testtakers/D0050_458_121119.xml openat yes /usr/sbin/apache2 unset 61419
372. 11.01.2023 12:46:41 /var/www/html/testcenter/data/ws_22/Testtakers/D0050_458_121119.xml openat yes /usr/sbin/apache2 unset 61420
373. 11.01.2023 12:46:41 /var/www/html/testcenter/data/ws_22/Testtakers/D0050_458_121265.xml openat yes /usr/sbin/apache2 unset 61421
374. 11.01.2023 12:46:41 /var/www/html/testcenter/data/ws_22/Testtakers/D0050_458_121265.xml openat yes /usr/sbin/apache2 unset 61422
375. 11.01.2023 12:46:41 /var/www/html/testcenter/data/ws_22/Testtakers/D0050_458_121271.xml openat yes /usr/sbin/apache2 unset 61423
376. 11.01.2023 12:46:41 /var/www/html/testcenter/data/ws_22/Testtakers/D0050_458_121271.xml openat yes /usr/sbin/apache2 unset 61424
377. 11.01.2023 12:46:41 /var/www/html/testcenter/data/ws_22/Testtakers/D0050_458_121334.xml openat yes /usr/sbin/apache2 unset 61425
378. 11.01.2023 12:46:41 /var/www/html/testcenter/data/ws_22/Testtakers/D0050_458_121334.xml openat yes /usr/sbin/apache2 unset 61426
379. 11.01.2023 12:46:41 /var/www/html/testcenter/data/ws_22/Testtakers/D0050_458_121335.xml openat yes /usr/sbin/apache2 unset 61427
380. 11.01.2023 12:46:41 /var/www/html/testcenter/data/ws_22/Testtakers/D0050_458_121335.xml openat yes /usr/sbin/apache2 unset 61428
381. 11.01.2023 12:46:41 /var/www/html/testcenter/data/ws_22/Testtakers/D0050_458_121353.xml openat yes /usr/sbin/apache2 unset 61429
382. 11.01.2023 12:46:41 /var/www/html/testcenter/data/ws_22/Testtakers/D0050_458_121353.xml openat yes /usr/sbin/apache2 unset 61430
383. 11.01.2023 12:46:41 /var/www/html/testcenter/data/ws_22/Testtakers/D0050_458_121421.xml openat yes /usr/sbin/apache2 unset 61431
384. 11.01.2023 12:46:41 /var/www/html/testcenter/data/ws_22/Testtakers/D0050_458_121421.xml openat yes /usr/sbin/apache2 unset 61432
385. 11.01.2023 12:46:41 /var/www/html/testcenter/data/ws_22/Testtakers/D0050_458_121422.xml openat yes /usr/sbin/apache2 unset 61433
386. 11.01.2023 12:46:41 /var/www/html/testcenter/data/ws_22/Testtakers/D0050_458_121422.xml openat yes /usr/sbin/apache2 unset 61434
387. 11.01.2023 12:46:41 /var/www/html/testcenter/data/ws_22/Testtakers/D0050_458_121433.xml openat yes /usr/sbin/apache2 unset 61435
388. 11.01.2023 12:46:41 /var/www/html/testcenter/data/ws_22/Testtakers/D0050_458_121433.xml openat yes /usr/sbin/apache2 unset 61436
389. 11.01.2023 12:46:41 /var/www/html/testcenter/data/ws_22/Testtakers/D0050_459_120608.xml openat yes /usr/sbin/apache2 unset 61437
390. 11.01.2023 12:46:41 /var/www/html/testcenter/data/ws_22/Testtakers/D0050_459_120608.xml openat yes /usr/sbin/apache2 unset 61438
391. 11.01.2023 12:46:41 /var/www/html/testcenter/data/ws_22/Testtakers/D0050_459_120663.xml openat yes /usr/sbin/apache2 unset 61439
392. 11.01.2023 12:46:41 /var/www/html/testcenter/data/ws_22/Testtakers/D0050_459_120663.xml openat yes /usr/sbin/apache2 unset 61440
393. 11.01.2023 12:46:41 /var/www/html/testcenter/data/ws_22/Testtakers/D0050_459_120723.xml openat yes /usr/sbin/apache2 unset 61441
394. 11.01.2023 12:46:41 /var/www/html/testcenter/data/ws_22/Testtakers/D0050_459_120723.xml openat yes /usr/sbin/apache2 unset 61442
395. 11.01.2023 12:46:41 /var/www/html/testcenter/data/ws_22/Testtakers/D0050_459_120783.xml openat yes /usr/sbin/apache2 unset 61443
396. 11.01.2023 12:46:41 /var/www/html/testcenter/data/ws_22/Testtakers/D0050_459_120783.xml openat yes /usr/sbin/apache2 unset 61444
397. 11.01.2023 12:46:41 /var/www/html/testcenter/data/ws_22/Testtakers/D0050_459_120785.xml openat yes /usr/sbin/apache2 unset 61445
398. 11.01.2023 12:46:41 /var/www/html/testcenter/data/ws_22/Testtakers/D0050_459_120785.xml openat yes /usr/sbin/apache2 unset 61446
399. 11.01.2023 12:46:41 /var/www/html/testcenter/data/ws_22/Testtakers/D0050_459_120825.xml openat yes /usr/sbin/apache2 unset 61447
400. 11.01.2023 12:46:41 /var/www/html/testcenter/data/ws_22/Testtakers/D0050_459_120825.xml openat yes /usr/sbin/apache2 unset 61448
401. 11.01.2023 12:46:41 /var/www/html/testcenter/data/ws_22/Testtakers/D0050_459_120847.xml openat yes /usr/sbin/apache2 unset 61449
402. 11.01.2023 12:46:41 /var/www/html/testcenter/data/ws_22/Testtakers/D0050_459_120847.xml openat yes /usr/sbin/apache2 unset 61450
403. 11.01.2023 12:46:41 /var/www/html/testcenter/data/ws_22/Testtakers/D0050_459_120908.xml openat yes /usr/sbin/apache2 unset 61451
404. 11.01.2023 12:46:41 /var/www/html/testcenter/data/ws_22/Testtakers/D0050_459_120908.xml openat yes /usr/sbin/apache2 unset 61452
405. 11.01.2023 12:46:41 /var/www/html/testcenter/data/ws_22/Testtakers/D0050_459_120913.xml openat yes /usr/sbin/apache2 unset 61453
406. 11.01.2023 12:46:41 /var/www/html/testcenter/data/ws_22/Testtakers/D0050_459_120913.xml openat yes /usr/sbin/apache2 unset 61454
409. 11.01.2023 12:46:41 /var/www/html/testcenter/data/ws_22/Testtakers/D0050_459_121035.xml openat yes /usr/sbin/apache2 unset 61457
410. 11.01.2023 12:46:41 /var/www/html/testcenter/data/ws_22/Testtakers/D0050_459_121035.xml openat yes /usr/sbin/apache2 unset 61458
411. 11.01.2023 12:46:41 /var/www/html/testcenter/data/ws_22/Testtakers/D0050_459_121078.xml openat yes /usr/sbin/apache2 unset 61459
412. 11.01.2023 12:46:41 /var/www/html/testcenter/data/ws_22/Testtakers/D0050_459_121078.xml openat yes /usr/sbin/apache2 unset 61460
413. 11.01.2023 12:46:41 /var/www/html/testcenter/data/ws_22/Testtakers/D0050_459_121089.xml openat yes /usr/sbin/apache2 unset 61461
414. 11.01.2023 12:46:41 /var/www/html/testcenter/data/ws_22/Testtakers/D0050_459_121089.xml openat yes /usr/sbin/apache2 unset 61462
415. 11.01.2023 12:46:41 /var/www/html/testcenter/data/ws_22/Testtakers/D0050_459_121219.xml openat yes /usr/sbin/apache2 unset 61463
416. 11.01.2023 12:46:41 /var/www/html/testcenter/data/ws_22/Testtakers/D0050_459_121219.xml openat yes /usr/sbin/apache2 unset 61464
417. 11.01.2023 12:46:41 /var/www/html/testcenter/data/ws_22/Testtakers/D0050_459_121255.xml openat yes /usr/sbin/apache2 unset 61465
418. 11.01.2023 12:46:41 /var/www/html/testcenter/data/ws_22/Testtakers/D0050_459_121255.xml openat yes /usr/sbin/apache2 unset 61466
419. 11.01.2023 12:46:41 /var/www/html/testcenter/data/ws_22/Testtakers/D0050_459_121256.xml openat yes /usr/sbin/apache2 unset 61467
420. 11.01.2023 12:46:41 /var/www/html/testcenter/data/ws_22/Testtakers/D0050_459_121256.xml openat yes /usr/sbin/apache2 unset 61468
421. 11.01.2023 12:46:41 /var/www/html/testcenter/data/ws_22/Testtakers/D0050_459_121269.xml openat yes /usr/sbin/apache2 unset 61469
422. 11.01.2023 12:46:41 /var/www/html/testcenter/data/ws_22/Testtakers/D0050_459_121269.xml openat yes /usr/sbin/apache2 unset 61470
423. 11.01.2023 12:46:41 /var/www/html/testcenter/data/ws_22/Testtakers/D0050_459_121359.xml openat yes /usr/sbin/apache2 unset 61471
424. 11.01.2023 12:46:41 /var/www/html/testcenter/data/ws_22/Testtakers/D0050_459_121359.xml openat yes /usr/sbin/apache2 unset 61472
425. 11.01.2023 12:46:41 /var/www/html/testcenter/data/ws_22/Testtakers/D0050_459_121437.xml openat yes /usr/sbin/apache2 unset 61473
426. 11.01.2023 12:46:41 /var/www/html/testcenter/data/ws_22/Testtakers/D0050_459_121437.xml openat yes /usr/sbin/apache2 unset 61474
427. 11.01.2023 12:46:41 /var/www/html/testcenter/data/ws_22/Testtakers/D0050_460_120611.xml openat yes /usr/sbin/apache2 unset 61475
428. 11.01.2023 12:46:41 /var/www/html/testcenter/data/ws_22/Testtakers/D0050_460_120611.xml openat yes /usr/sbin/apache2 unset 61476
429. 11.01.2023 12:46:41 /var/www/html/testcenter/data/ws_22/Testtakers/D0050_460_120664.xml openat yes /usr/sbin/apache2 unset 61477
431. 11.01.2023 12:46:41 /var/www/html/testcenter/data/ws_22/Testtakers/D0050_460_120664.xml openat yes /usr/sbin/apache2 unset 61479
432. 11.01.2023 12:46:41 /var/www/html/testcenter/data/ws_22/Testtakers/D0050_460_120735.xml openat yes /usr/sbin/apache2 unset 61480
433. 11.01.2023 12:46:41 /var/www/html/testcenter/data/ws_22/Testtakers/D0050_460_120735.xml openat yes /usr/sbin/apache2 unset 61481
434. 11.01.2023 12:46:41 /var/www/html/testcenter/data/ws_22/Testtakers/D0050_460_120736.xml openat yes /usr/sbin/apache2 unset 61482
435. 11.01.2023 12:46:41 /var/www/html/testcenter/data/ws_22/Testtakers/D0050_460_120736.xml openat yes /usr/sbin/apache2 unset 61483
436. 11.01.2023 12:46:41 /var/www/html/testcenter/data/ws_22/Testtakers/D0050_460_120767.xml openat yes /usr/sbin/apache2 unset 61484
437. 11.01.2023 12:46:41 /var/www/html/testcenter/data/ws_22/Testtakers/D0050_460_120767.xml openat yes /usr/sbin/apache2 unset 61485
438. 11.01.2023 12:46:41 /var/www/html/testcenter/data/ws_22/Testtakers/D0050_460_120802.xml openat yes /usr/sbin/apache2 unset 61486
439. 11.01.2023 12:46:41 /var/www/html/testcenter/data/ws_22/Testtakers/D0050_460_120802.xml openat yes /usr/sbin/apache2 unset 61487
440. 11.01.2023 12:46:41 /var/www/html/testcenter/data/ws_22/Testtakers/D0050_460_120804.xml openat yes /usr/sbin/apache2 unset 61488
441. 11.01.2023 12:46:41 /var/www/html/testcenter/data/ws_22/Testtakers/D0050_460_120804.xml openat yes /usr/sbin/apache2 unset 61489
442. 11.01.2023 12:46:41 /var/www/html/testcenter/data/ws_22/Testtakers/D0050_460_120899.xml openat yes /usr/sbin/apache2 unset 61490
443. 11.01.2023 12:46:41 /var/www/html/testcenter/data/ws_22/Testtakers/D0050_460_120899.xml openat yes /usr/sbin/apache2 unset 61491
444. 11.01.2023 12:46:41 /var/www/html/testcenter/data/ws_22/Testtakers/D0050_460_121017.xml openat yes /usr/sbin/apache2 unset 61492
445. 11.01.2023 12:46:41 /var/www/html/testcenter/data/ws_22/Testtakers/D0050_460_121017.xml openat yes /usr/sbin/apache2 unset 61493
446. 11.01.2023 12:46:41 /var/www/html/testcenter/data/ws_22/Testtakers/D0050_460_121024.xml openat yes /usr/sbin/apache2 unset 61494
447. 11.01.2023 12:46:41 /var/www/html/testcenter/data/ws_22/Testtakers/D0050_460_121024.xml openat yes /usr/sbin/apache2 unset 61495
448. 11.01.2023 12:46:41 /var/www/html/testcenter/data/ws_22/Testtakers/D0050_460_121028.xml openat yes /usr/sbin/apache2 unset 61496
449. 11.01.2023 12:46:41 /var/www/html/testcenter/data/ws_22/Testtakers/D0050_460_121028.xml openat yes /usr/sbin/apache2 unset 61497
450. 11.01.2023 12:46:41 /var/www/html/testcenter/data/ws_22/Testtakers/D0050_460_121051.xml openat yes /usr/sbin/apache2 unset 61498
451. 11.01.2023 12:46:41 /var/www/html/testcenter/data/ws_22/Testtakers/D0050_460_121051.xml openat yes /usr/sbin/apache2 unset 61499
452. 11.01.2023 12:46:41 /var/www/html/testcenter/data/ws_22/Testtakers/D0050_460_121143.xml openat yes /usr/sbin/apache2 unset 61500
453. 11.01.2023 12:46:41 /var/www/html/testcenter/data/ws_22/Testtakers/D0050_460_121143.xml openat yes /usr/sbin/apache2 unset 61501
454. 11.01.2023 12:46:41 /var/www/html/testcenter/data/ws_22/Testtakers/D0050_460_121144.xml openat yes /usr/sbin/apache2 unset 61502
455. 11.01.2023 12:46:41 /var/www/html/testcenter/data/ws_22/Testtakers/D0050_460_121144.xml openat yes /usr/sbin/apache2 unset 61503
456. 11.01.2023 12:46:41 /var/www/html/testcenter/data/ws_22/Testtakers/D0050_460_121200.xml openat yes /usr/sbin/apache2 unset 61504
457. 11.01.2023 12:46:41 /var/www/html/testcenter/data/ws_22/Testtakers/D0050_460_121200.xml openat yes /usr/sbin/apache2 unset 61505
458. 11.01.2023 12:46:41 /var/www/html/testcenter/data/ws_22/Testtakers/D0050_460_121201.xml openat yes /usr/sbin/apache2 unset 61506
459. 11.01.2023 12:46:41 /var/www/html/testcenter/data/ws_22/Testtakers/D0050_460_121201.xml openat yes /usr/sbin/apache2 unset 61507
460. 11.01.2023 12:46:41 /var/www/html/testcenter/data/ws_22/Testtakers/D0050_460_121283.xml openat yes /usr/sbin/apache2 unset 61508
461. 11.01.2023 12:46:41 /var/www/html/testcenter/data/ws_22/Testtakers/D0050_460_121283.xml openat yes /usr/sbin/apache2 unset 61509
462. 11.01.2023 12:46:41 /var/www/html/testcenter/data/ws_22/Testtakers/D0050_460_121366.xml openat yes /usr/sbin/apache2 unset 61510
463. 11.01.2023 12:46:41 /var/www/html/testcenter/data/ws_22/Testtakers/D0050_460_121366.xml openat yes /usr/sbin/apache2 unset 61511
464. 11.01.2023 12:46:41 /var/www/html/testcenter/data/ws_22/Testtakers/D0050_460_121369.xml openat yes /usr/sbin/apache2 unset 61512
465. 11.01.2023 12:46:41 /var/www/html/testcenter/data/ws_22/Testtakers/D0050_460_121369.xml openat yes /usr/sbin/apache2 unset 61513
466. 11.01.2023 12:46:41 /var/www/html/testcenter/data/ws_22/Testtakers/D0050_460_121438.xml openat yes /usr/sbin/apache2 unset 61514
467. 11.01.2023 12:46:41 /var/www/html/testcenter/data/ws_22/Testtakers/D0050_460_121438.xml openat yes /usr/sbin/apache2 unset 61515
468. 11.01.2023 12:46:41 /var/www/html/testcenter/data/ws_22/Testtakers/D0050_461_120613.xml openat yes /usr/sbin/apache2 unset 61516
469. 11.01.2023 12:46:41 /var/www/html/testcenter/data/ws_22/Testtakers/D0050_461_120613.xml openat yes /usr/sbin/apache2 unset 61517
470. 11.01.2023 12:46:41 /var/www/html/testcenter/data/ws_22/Testtakers/D0050_461_120665.xml openat yes /usr/sbin/apache2 unset 61518
471. 11.01.2023 12:46:41 /var/www/html/testcenter/data/ws_22/Testtakers/D0050_461_120665.xml openat yes /usr/sbin/apache2 unset 61519
472. 11.01.2023 12:46:41 /var/www/html/testcenter/data/ws_22/Testtakers/D0050_461_120855.xml openat yes /usr/sbin/apache2 unset 61520
473. 11.01.2023 12:46:41 /var/www/html/testcenter/data/ws_22/Testtakers/D0050_461_120855.xml openat yes /usr/sbin/apache2 unset 61521
474. 11.01.2023 12:46:41 /var/www/html/testcenter/data/ws_22/Testtakers/D0050_461_120931.xml openat yes /usr/sbin/apache2 unset 61522
475. 11.01.2023 12:46:41 /var/www/html/testcenter/data/ws_22/Testtakers/D0050_461_120931.xml openat yes /usr/sbin/apache2 unset 61523
476. 11.01.2023 12:46:41 /var/www/html/testcenter/data/ws_22/Testtakers/D0050_461_120934.xml openat yes /usr/sbin/apache2 unset 61524
477. 11.01.2023 12:46:41 /var/www/html/testcenter/data/ws_22/Testtakers/D0050_461_120934.xml openat yes /usr/sbin/apache2 unset 61525
478. 11.01.2023 12:46:41 /var/www/html/testcenter/data/ws_22/Testtakers/D0050_461_121066.xml openat yes /usr/sbin/apache2 unset 61526
479. 11.01.2023 12:46:41 /var/www/html/testcenter/data/ws_22/Testtakers/D0050_461_121066.xml openat yes /usr/sbin/apache2 unset 61527
480. 11.01.2023 12:46:41 /var/www/html/testcenter/data/ws_22/Testtakers/D0050_461_121176.xml openat yes /usr/sbin/apache2 unset 61528
481. 11.01.2023 12:46:41 /var/www/html/testcenter/data/ws_22/Testtakers/D0050_461_121176.xml openat yes /usr/sbin/apache2 unset 61529
482. 11.01.2023 12:46:41 /var/www/html/testcenter/data/ws_22/Testtakers/D0050_461_121275.xml openat yes /usr/sbin/apache2 unset 61530
483. 11.01.2023 12:46:41 /var/www/html/testcenter/data/ws_22/Testtakers/D0050_461_121275.xml openat yes /usr/sbin/apache2 unset 61531
484. 11.01.2023 12:46:41 /var/www/html/testcenter/data/ws_22/Testtakers/D0050_461_121348.xml openat yes /usr/sbin/apache2 unset 61532
485. 11.01.2023 12:46:41 /var/www/html/testcenter/data/ws_22/Testtakers/D0050_461_121348.xml openat yes /usr/sbin/apache2 unset 61533
486. 11.01.2023 12:46:41 /var/www/html/testcenter/data/ws_22/Testtakers/D0050_461_121351.xml openat yes /usr/sbin/apache2 unset 61534
487. 11.01.2023 12:46:41 /var/www/html/testcenter/data/ws_22/Testtakers/D0050_461_121351.xml openat yes /usr/sbin/apache2 unset 61535
488. 11.01.2023 12:46:41 /var/www/html/testcenter/data/ws_22/Testtakers/D0050_461_121423.xml openat yes /usr/sbin/apache2 unset 61536
489. 11.01.2023 12:46:41 /var/www/html/testcenter/data/ws_22/Testtakers/D0050_461_121423.xml openat yes /usr/sbin/apache2 unset 61537
490. 11.01.2023 12:46:41 /var/www/html/testcenter/data/ws_22/Testtakers/D0050_461_121430.xml openat yes /usr/sbin/apache2 unset 61538
491. 11.01.2023 12:46:41 /var/www/html/testcenter/data/ws_22/Testtakers/D0050_461_121430.xml openat yes /usr/sbin/apache2 unset 61539
492. 11.01.2023 12:46:41 /var/www/html/testcenter/data/ws_22/Testtakers/D0050_461_121465.xml openat yes /usr/sbin/apache2 unset 61540
493. 11.01.2023 12:46:41 /var/www/html/testcenter/data/ws_22/Testtakers/D0050_461_121465.xml openat yes /usr/sbin/apache2 unset 61541
494. 11.01.2023 12:46:41 /var/www/html/testcenter/data/ws_22/Testtakers/D0050_461_121527.xml openat yes /usr/sbin/apache2 unset 61542
495. 11.01.2023 12:46:41 /var/www/html/testcenter/data/ws_22/Testtakers/D0050_461_121527.xml openat yes /usr/sbin/apache2 unset 61543
496. 11.01.2023 12:46:41 /var/www/html/testcenter/data/ws_22/Testtakers/D0050_461_121580.xml openat yes /usr/sbin/apache2 unset 61544
497. 11.01.2023 12:46:41 /var/www/html/testcenter/data/ws_22/Testtakers/D0050_461_121580.xml openat yes /usr/sbin/apache2 unset 61545
498. 11.01.2023 12:46:41 /var/www/html/testcenter/data/ws_22/Testtakers/D0050_462_120615.xml openat yes /usr/sbin/apache2 unset 61546
499. 11.01.2023 12:46:41 /var/www/html/testcenter/data/ws_22/Testtakers/D0050_462_120615.xml openat yes /usr/sbin/apache2 unset 61547
500. 11.01.2023 12:46:41 /var/www/html/testcenter/data/ws_22/Testtakers/D0050_462_120775.xml openat yes /usr/sbin/apache2 unset 61548
501. 11.01.2023 12:46:41 /var/www/html/testcenter/data/ws_22/Testtakers/D0050_462_120775.xml openat yes /usr/sbin/apache2 unset 61549
502. 11.01.2023 12:46:41 /var/www/html/testcenter/data/ws_22/Testtakers/D0050_462_120777.xml openat yes /usr/sbin/apache2 unset 61550
503. 11.01.2023 12:46:41 /var/www/html/testcenter/data/ws_22/Testtakers/D0050_462_120777.xml openat yes /usr/sbin/apache2 unset 61551
504. 11.01.2023 12:46:41 /var/www/html/testcenter/data/ws_22/Testtakers/D0050_462_120798.xml openat yes /usr/sbin/apache2 unset 61552
505. 11.01.2023 12:46:41 /var/www/html/testcenter/data/ws_22/Testtakers/D0050_462_120798.xml openat yes /usr/sbin/apache2 unset 61553
506. 11.01.2023 12:46:41 /var/www/html/testcenter/data/ws_22/Testtakers/D0050_462_120918.xml openat yes /usr/sbin/apache2 unset 61554
507. 11.01.2023 12:46:41 /var/www/html/testcenter/data/ws_22/Testtakers/D0050_462_120918.xml openat yes /usr/sbin/apache2 unset 61555
508. 11.01.2023 12:46:41 /var/www/html/testcenter/data/ws_22/Testtakers/D0050_462_120920.xml openat yes /usr/sbin/apache2 unset 61556
509. 11.01.2023 12:46:41 /var/www/html/testcenter/data/ws_22/Testtakers/D0050_462_120920.xml openat yes /usr/sbin/apache2 unset 61557
510. 11.01.2023 12:46:41 /var/www/html/testcenter/data/ws_22/Testtakers/D0050_462_120928.xml openat yes /usr/sbin/apache2 unset 61558
511. 11.01.2023 12:46:41 /var/www/html/testcenter/data/ws_22/Testtakers/D0050_462_120928.xml openat yes /usr/sbin/apache2 unset 61559
512. 11.01.2023 12:46:41 /var/www/html/testcenter/data/ws_22/Testtakers/D0050_462_120932.xml openat yes /usr/sbin/apache2 unset 61560
513. 11.01.2023 12:46:41 /var/www/html/testcenter/data/ws_22/Testtakers/D0050_462_120932.xml openat yes /usr/sbin/apache2 unset 61561
514. 11.01.2023 12:46:41 /var/www/html/testcenter/data/ws_22/Testtakers/D0050_462_120935.xml openat yes /usr/sbin/apache2 unset 61562
515. 11.01.2023 12:46:41 /var/www/html/testcenter/data/ws_22/Testtakers/D0050_462_120935.xml openat yes /usr/sbin/apache2 unset 61563
516. 11.01.2023 12:46:41 /var/www/html/testcenter/data/ws_22/Testtakers/D0050_462_120956.xml openat yes /usr/sbin/apache2 unset 61564
517. 11.01.2023 12:46:41 /var/www/html/testcenter/data/ws_22/Testtakers/D0050_462_120956.xml openat yes /usr/sbin/apache2 unset 61565
518. 11.01.2023 12:46:41 /var/www/html/testcenter/data/ws_22/Testtakers/D0050_462_121054.xml openat yes /usr/sbin/apache2 unset 61566
519. 11.01.2023 12:46:41 /var/www/html/testcenter/data/ws_22/Testtakers/D0050_462_121054.xml openat yes /usr/sbin/apache2 unset 61567
520. 11.01.2023 12:46:41 /var/www/html/testcenter/data/ws_22/Testtakers/D0050_462_121055.xml openat yes /usr/sbin/apache2 unset 61568
521. 11.01.2023 12:46:41 /var/www/html/testcenter/data/ws_22/Testtakers/D0050_462_121055.xml openat yes /usr/sbin/apache2 unset 61569
522. 11.01.2023 12:46:41 /var/www/html/testcenter/data/ws_22/Testtakers/D0050_462_121258.xml openat yes /usr/sbin/apache2 unset 61570
523. 11.01.2023 12:46:41 /var/www/html/testcenter/data/ws_22/Testtakers/D0050_462_121258.xml openat yes /usr/sbin/apache2 unset 61571
524. 11.01.2023 12:46:41 /var/www/html/testcenter/data/ws_22/Testtakers/D0050_462_121386.xml openat yes /usr/sbin/apache2 unset 61572
525. 11.01.2023 12:46:41 /var/www/html/testcenter/data/ws_22/Testtakers/D0050_462_121386.xml openat yes /usr/sbin/apache2 unset 61573
526. 11.01.2023 12:46:41 /var/www/html/testcenter/data/ws_22/Testtakers/D0050_462_121424.xml openat yes /usr/sbin/apache2 unset 61574
527. 11.01.2023 12:46:41 /var/www/html/testcenter/data/ws_22/Testtakers/D0050_462_121424.xml openat yes /usr/sbin/apache2 unset 61575
528. 11.01.2023 12:46:41 /var/www/html/testcenter/data/ws_22/Testtakers/D0050_462_121427.xml openat yes /usr/sbin/apache2 unset 61576
529. 11.01.2023 12:46:41 /var/www/html/testcenter/data/ws_22/Testtakers/D0050_462_121427.xml openat yes /usr/sbin/apache2 unset 61577
530. 11.01.2023 12:46:41 /var/www/html/testcenter/data/ws_22/Testtakers/D0050_462_121439.xml openat yes /usr/sbin/apache2 unset 61578
531. 11.01.2023 12:46:41 /var/www/html/testcenter/data/ws_22/Testtakers/D0050_462_121439.xml openat yes /usr/sbin/apache2 unset 61579
532. 11.01.2023 12:46:41 /var/www/html/testcenter/data/ws_22/Testtakers/D0050_462_121458.xml openat yes /usr/sbin/apache2 unset 61580
533. 11.01.2023 12:46:41 /var/www/html/testcenter/data/ws_22/Testtakers/D0050_462_121458.xml openat yes /usr/sbin/apache2 unset 61581
534. 11.01.2023 12:46:41 /var/www/html/testcenter/data/ws_22/Testtakers/D0050_462_121459.xml openat yes /usr/sbin/apache2 unset 61582
535. 11.01.2023 12:46:41 /var/www/html/testcenter/data/ws_22/Testtakers/D0050_462_121459.xml openat yes /usr/sbin/apache2 unset 61583
536. 11.01.2023 12:46:41 /var/www/html/testcenter/data/ws_22/Testtakers/D0050_463_120616.xml openat yes /usr/sbin/apache2 unset 61584
537. 11.01.2023 12:46:41 /var/www/html/testcenter/data/ws_22/Testtakers/D0050_463_120616.xml openat yes /usr/sbin/apache2 unset 61585
538. 11.01.2023 12:46:41 /var/www/html/testcenter/data/ws_22/Testtakers/D0050_463_120666.xml openat yes /usr/sbin/apache2 unset 61586
539. 11.01.2023 12:46:41 /var/www/html/testcenter/data/ws_22/Testtakers/D0050_463_120666.xml openat yes /usr/sbin/apache2 unset 61587
540. 11.01.2023 12:46:41 /var/www/html/testcenter/data/ws_22/Testtakers/D0050_463_120740.xml openat yes /usr/sbin/apache2 unset 61588
541. 11.01.2023 12:46:41 /var/www/html/testcenter/data/ws_22/Testtakers/D0050_463_120740.xml openat yes /usr/sbin/apache2 unset 61589
542. 11.01.2023 12:46:41 /var/www/html/testcenter/data/ws_22/Testtakers/D0050_463_120874.xml openat yes /usr/sbin/apache2 unset 61590
543. 11.01.2023 12:46:41 /var/www/html/testcenter/data/ws_22/Testtakers/D0050_463_120874.xml openat yes /usr/sbin/apache2 unset 61591
544. 11.01.2023 12:46:41 /var/www/html/testcenter/data/ws_22/Testtakers/D0050_463_120896.xml openat yes /usr/sbin/apache2 unset 61592
545. 11.01.2023 12:46:41 /var/www/html/testcenter/data/ws_22/Testtakers/D0050_463_120896.xml openat yes /usr/sbin/apache2 unset 61593
546. 11.01.2023 12:46:41 /var/www/html/testcenter/data/ws_22/Testtakers/D0050_463_120985.xml openat yes /usr/sbin/apache2 unset 61594
547. 11.01.2023 12:46:41 /var/www/html/testcenter/data/ws_22/Testtakers/D0050_463_120985.xml openat yes /usr/sbin/apache2 unset 61595
548. 11.01.2023 12:46:41 /var/www/html/testcenter/data/ws_22/Testtakers/D0050_463_121185.xml openat yes /usr/sbin/apache2 unset 61596
549. 11.01.2023 12:46:41 /var/www/html/testcenter/data/ws_22/Testtakers/D0050_463_121185.xml openat yes /usr/sbin/apache2 unset 61597
550. 11.01.2023 12:46:41 /var/www/html/testcenter/data/ws_22/Testtakers/D0050_463_121194.xml openat yes /usr/sbin/apache2 unset 61598
551. 11.01.2023 12:46:41 /var/www/html/testcenter/data/ws_22/Testtakers/D0050_463_121194.xml openat yes /usr/sbin/apache2 unset 61599
552. 11.01.2023 12:46:41 /var/www/html/testcenter/data/ws_22/Testtakers/D0050_463_121213.xml openat yes /usr/sbin/apache2 unset 61600
553. 11.01.2023 12:46:41 /var/www/html/testcenter/data/ws_22/Testtakers/D0050_463_121213.xml openat yes /usr/sbin/apache2 unset 61601
554. 11.01.2023 12:46:41 /var/www/html/testcenter/data/ws_22/Testtakers/D0050_463_121214.xml openat yes /usr/sbin/apache2 unset 61602
555. 11.01.2023 12:46:41 /var/www/html/testcenter/data/ws_22/Testtakers/D0050_463_121214.xml openat yes /usr/sbin/apache2 unset 61603
556. 11.01.2023 12:46:41 /var/www/html/testcenter/data/ws_22/Testtakers/D0050_463_121235.xml openat yes /usr/sbin/apache2 unset 61604
557. 11.01.2023 12:46:41 /var/www/html/testcenter/data/ws_22/Testtakers/D0050_463_121235.xml openat yes /usr/sbin/apache2 unset 61605
558. 11.01.2023 12:46:41 /var/www/html/testcenter/data/ws_22/Testtakers/D0050_463_121262.xml openat yes /usr/sbin/apache2 unset 61606
559. 11.01.2023 12:46:41 /var/www/html/testcenter/data/ws_22/Testtakers/D0050_463_121262.xml openat yes /usr/sbin/apache2 unset 61607
560. 11.01.2023 12:46:41 /var/www/html/testcenter/data/ws_22/Testtakers/D0050_463_121333.xml openat yes /usr/sbin/apache2 unset 61608
561. 11.01.2023 12:46:41 /var/www/html/testcenter/data/ws_22/Testtakers/D0050_463_121333.xml openat yes /usr/sbin/apache2 unset 61609
562. 11.01.2023 12:46:41 /var/www/html/testcenter/data/ws_22/Testtakers/D0050_463_121431.xml openat yes /usr/sbin/apache2 unset 61610
563. 11.01.2023 12:46:41 /var/www/html/testcenter/data/ws_22/Testtakers/D0050_463_121431.xml openat yes /usr/sbin/apache2 unset 61611
564. 11.01.2023 12:46:41 /var/www/html/testcenter/data/ws_22/Testtakers/D0050_463_121558.xml openat yes /usr/sbin/apache2 unset 61612
565. 11.01.2023 12:46:41 /var/www/html/testcenter/data/ws_22/Testtakers/D0050_463_121558.xml openat yes /usr/sbin/apache2 unset 61613
566. 11.01.2023 12:46:41 /var/www/html/testcenter/data/ws_22/Testtakers/D0050_463_121567.xml openat yes /usr/sbin/apache2 unset 61614
